Note: Failed to import the optional openff.evaluator package. 
Note: Failed to import the optional openff.recharge package.
#======================================================================#
#| [1m            Welcome to ForceBalance version 1.8.1! =D             [0m |#
#| [1m                 Force Field Optimization System                  [0m |#
#| [1m                                                                  [0m |#
#| [1m                             Authors:                             [0m |#
#| [1m                          Lee-Ping Wang                           [0m |#
#| [1m                  Yudong Qiu, Keri A. McKiernan                   [0m |#
#| [1m          Jeffrey R. Wagner, Hyesu Jang, Simon Boothroyd          [0m |#
#| [1m          Arthur Vigil, Erik G. Brandt, John Stoppelman           [0m |#
#| [1m                  Johnny Israeli, Matt Thompson                   [0m |#
#======================================================================#

                          [44m     [0m                                        
                       [44m        [0m      [43m     [0m                              
                    [44m        [0m   [44m  [0m    [43m         [0m                          
                 [44m       [0m    [44m      [0m      [43m         [0m                       
             [44m        [0m    [44m        [0m          [43m         [0m                    
          [44m        [0m    [44m        [0m                 [43m        [0m                 
       [44m        [0m    [44m       [0m                        [43m        [0m              
    [44m        [0m   [44m        [0m                              [43m         [0m          
   [44m      [0m   [44m        [0m               `.:+@@###@'          [43m         [0m       
    [44m [0m    [44m        [0m          ,;'+###############.             [43m     [0m       
      [44m        [0m         +################':`                    [43m [0m        
      [44m     [0m              `.,,...####+.                                  
                                ,#####      +##.               [44m   [0m   [44m   [0m
 [43m    [0m                            #####      ######             [44m   [0m   [44m   [0m
 [43m    [0m                ###'        ####'     :#####'             [44m   [0m   [44m   [0m
 [43m    [0m                :####@      ####.    ,####'               [44m   [0m   [44m   [0m
 [43m    [0m                 ######     ####    +###+                 [44m   [0m   [44m   [0m
 [43m    [0m                  #####     ####   ###;                   [44m   [0m   [44m   [0m
 [43m    [0m                   :##      ####  ++`                     [44m   [0m   [44m   [0m
 [43m    [0m                            ####``..:;+##############+`   [44m   [0m   [44m   [0m
 [43m    [0m             .,:;;'++##################################`  [44m   [0m   [44m   [0m
 [43m    [0m    `############################++++''';;;;;;;;;;;'';    [44m   [0m   [44m   [0m
 [43m    [0m      ,########':,.``       ####                          [44m   [0m   [44m   [0m
 [43m    [0m                            ####                          [44m   [0m   [44m   [0m
 [43m    [0m                            ####                          [44m   [0m   [44m   [0m
 [43m    [0m                            ####                          [44m   [0m   [44m   [0m
 [43m    [0m                            ####                          [44m   [0m   [44m   [0m
 [43m    [0m                            ####                          [44m   [0m   [44m   [0m
 [43m    [0m                            ####                          [44m   [0m   [44m   [0m
 [43m    [0m                            ####                          [44m   [0m   [44m   [0m
      [44m    [0m                       ####                                   
     [44m        [0m                    ####                                   
    [44m [0m    [44m       [0m                 ####                       [43m     [0m       
   [44m     [0m    [44m        [0m             ####                    [43m        [0m       
   [44m        [0m    [44m        [0m          ###                  [43m         [0m         
      [44m        [0m    [44m        [0m        +`               [43m        [0m             
          [44m        [0m   [44m        [0m                   [43m        [0m                
             [44m        [0m   [44m         [0m           [43m         [0m                   
                [44m        [0m    [44m       [0m      [43m         [0m                      
                   [44m        [0m    [44m   [0m    [43m        [0m                          
                      [44m        [0m       [43m      [0m                             
                          [44m      [0m      [43m  [0m                                
                             [44m  [0m                                         

Reading options from file: optimize.in
#========================================================#
#| [95m  Options at their default values are not printed   [0m |#
#| [95m        Use 'verbose_options True' to Enable        [0m |#
#========================================================#
Reading force field from file: force-field.offxml
#=========================================================#
#| [92m Starting parameter indices, physical values and IDs [0m |#
#=========================================================#
   0 [  6.9859e-01 ] : ProperTorsions/Proper/k1/[#1H0X1x0!r+0A:1]-;!@[#6H2X4x0!r+0A:2](-;!@[#1H0X1x0!r+0A])(-;!@[#35H0X1x0!r+0A])-;!@[#8H1X2x0!r+0A:3]-;!@[#1H0X1x0!r+0A:4]
   1 [  1.0000e-06 ] : ProperTorsions/Proper/k3/[#1H0X1x0!r+0A:1]-;!@[#6H2X4x0!r+0A:2](-;!@[#1H0X1x0!r+0A])(-;!@[#35H0X1x0!r+0A])-;!@[#8H1X2x0!r+0A:3]-;!@[#1H0X1x0!r+0A:4]
   2 [  1.0000e-06 ] : ProperTorsions/Proper/k4/[#1H0X1x0!r+0A:1]-;!@[#6H2X4x0!r+0A:2](-;!@[#1H0X1x0!r+0A])(-;!@[#35H0X1x0!r+0A])-;!@[#8H1X2x0!r+0A:3]-;!@[#1H0X1x0!r+0A:4]
   3 [  1.0000e-06 ] : ProperTorsions/Proper/k2/[#1H0X1x0!r+0A:1]-;!@[#6H2X4x0!r+0A:2](-;!@[#1H0X1x0!r+0A])(-;!@[#35H0X1x0!r+0A])-;!@[#8H1X2x0!r+0A:3]-;!@[#1H0X1x0!r+0A:4]
   4 [  6.9859e-01 ] : ProperTorsions/Proper/k1/[#35H0X1x0!r+0A:1]-;!@[#6H2X4x0!r+0A:2](-;!@[#1H0X1x0!r+0A])(-;!@[#1H0X1x0!r+0A])-;!@[#8H1X2x0!r+0A:3]-;!@[#1H0X1x0!r+0A:4]
   5 [  1.0000e-06 ] : ProperTorsions/Proper/k3/[#35H0X1x0!r+0A:1]-;!@[#6H2X4x0!r+0A:2](-;!@[#1H0X1x0!r+0A])(-;!@[#1H0X1x0!r+0A])-;!@[#8H1X2x0!r+0A:3]-;!@[#1H0X1x0!r+0A:4]
   6 [  1.0000e-06 ] : ProperTorsions/Proper/k4/[#35H0X1x0!r+0A:1]-;!@[#6H2X4x0!r+0A:2](-;!@[#1H0X1x0!r+0A])(-;!@[#1H0X1x0!r+0A])-;!@[#8H1X2x0!r+0A:3]-;!@[#1H0X1x0!r+0A:4]
   7 [  1.0000e-06 ] : ProperTorsions/Proper/k2/[#35H0X1x0!r+0A:1]-;!@[#6H2X4x0!r+0A:2](-;!@[#1H0X1x0!r+0A])(-;!@[#1H0X1x0!r+0A])-;!@[#8H1X2x0!r+0A:3]-;!@[#1H0X1x0!r+0A:4]
-----------------------------------------------------------
#=========================================================#
#| [91m Rescaling Factors by Type (Lower Takes Precedence): [0m |#
#=========================================================#
   ProperTorsions/Proper/k1             : 6.98594e-01
   ProperTorsions/Proper/k3             : 1.00000e-06
   ProperTorsions/Proper/k4             : 1.00000e-06
   ProperTorsions/Proper/k2             : 1.00000e-06
   ProperTorsions/Proper/k              : 6.00000e+00
-----------------------------------------------------------
#========================================================#
#| [91m   Rescaling Types / Factors by Parameter Number:   [0m |#
#========================================================#
   0 [    ProperTorsions/Proper/k       : 6.00000e+00 ] : ProperTorsions/Proper/k1/[#1H0X1x0!r+0A:1]-;!@[#6H2X4x0!r+0A:2](-;!@[#1H0X1x0!r+0A])(-;!@[#35H0X1x0!r+0A])-;!@[#8H1X2x0!r+0A:3]-;!@[#1H0X1x0!r+0A:4]
   1 [    ProperTorsions/Proper/k       : 6.00000e+00 ] : ProperTorsions/Proper/k3/[#1H0X1x0!r+0A:1]-;!@[#6H2X4x0!r+0A:2](-;!@[#1H0X1x0!r+0A])(-;!@[#35H0X1x0!r+0A])-;!@[#8H1X2x0!r+0A:3]-;!@[#1H0X1x0!r+0A:4]
   2 [    ProperTorsions/Proper/k       : 6.00000e+00 ] : ProperTorsions/Proper/k4/[#1H0X1x0!r+0A:1]-;!@[#6H2X4x0!r+0A:2](-;!@[#1H0X1x0!r+0A])(-;!@[#35H0X1x0!r+0A])-;!@[#8H1X2x0!r+0A:3]-;!@[#1H0X1x0!r+0A:4]
   3 [    ProperTorsions/Proper/k       : 6.00000e+00 ] : ProperTorsions/Proper/k2/[#1H0X1x0!r+0A:1]-;!@[#6H2X4x0!r+0A:2](-;!@[#1H0X1x0!r+0A])(-;!@[#35H0X1x0!r+0A])-;!@[#8H1X2x0!r+0A:3]-;!@[#1H0X1x0!r+0A:4]
   4 [    ProperTorsions/Proper/k       : 6.00000e+00 ] : ProperTorsions/Proper/k1/[#35H0X1x0!r+0A:1]-;!@[#6H2X4x0!r+0A:2](-;!@[#1H0X1x0!r+0A])(-;!@[#1H0X1x0!r+0A])-;!@[#8H1X2x0!r+0A:3]-;!@[#1H0X1x0!r+0A:4]
   5 [    ProperTorsions/Proper/k       : 6.00000e+00 ] : ProperTorsions/Proper/k3/[#35H0X1x0!r+0A:1]-;!@[#6H2X4x0!r+0A:2](-;!@[#1H0X1x0!r+0A])(-;!@[#1H0X1x0!r+0A])-;!@[#8H1X2x0!r+0A:3]-;!@[#1H0X1x0!r+0A:4]
   6 [    ProperTorsions/Proper/k       : 6.00000e+00 ] : ProperTorsions/Proper/k4/[#35H0X1x0!r+0A:1]-;!@[#6H2X4x0!r+0A:2](-;!@[#1H0X1x0!r+0A])(-;!@[#1H0X1x0!r+0A])-;!@[#8H1X2x0!r+0A:3]-;!@[#1H0X1x0!r+0A:4]
   7 [    ProperTorsions/Proper/k       : 6.00000e+00 ] : ProperTorsions/Proper/k2/[#35H0X1x0!r+0A:1]-;!@[#6H2X4x0!r+0A:2](-;!@[#1H0X1x0!r+0A])(-;!@[#1H0X1x0!r+0A])-;!@[#8H1X2x0!r+0A:3]-;!@[#1H0X1x0!r+0A:4]
----------------------------------------------------------
#========================================================#
#| [92m               Setup for force field                [0m |#
#========================================================#
fnms                      ['force-field.offxml'] 
priors                    OrderedDict([('ProperTorsions/Proper/k', 6.0)]) 
----------------------------------------------------------
Referencing all energies to the snapshot 15 (minimum energy structure in QM)
#========================================================#
#| [92m            Setup for target torsion-1 :            [0m |#
#========================================================#
mol2                      ['input.sdf'] 
precision                 double 
platname                  Reference 
name                      torsion-1 
type                      TORSIONPROFILE_SMIRNOFF 
h                         0.01 
tgtdir                    targets/torsion-1 
writelevel                2 
attenuate                 True 
energy_upper              10.0 
----------------------------------------------------------
#========================================================#
#| [92m        SMIRNOFF Parameter Coverage Analysis        [0m |#
#========================================================#
Force field assignment data written to /Users/joshuahorton/Documents/Projects/2021-bespokefit-workshop/bespoke_task_0/smirnoff_parameter_assignments.json
 idx Parameter                                                                                                   Count
----------------------------------------------------------------------------------------------------------------------
   0 ProperTorsions/Proper/k1/[#1H0X1x0!r+0A:1]-;!@[#6H2X4x0!r+0A:2](-;!@[#1H0X1x0!r+0A])(-;!@[#35H0X1x0!r+0A])-;!@[#8H1X2x0!r+0A:3]-;!@[#1H0X1x0!r+0A:4] :          2
   1 ProperTorsions/Proper/k3/[#1H0X1x0!r+0A:1]-;!@[#6H2X4x0!r+0A:2](-;!@[#1H0X1x0!r+0A])(-;!@[#35H0X1x0!r+0A])-;!@[#8H1X2x0!r+0A:3]-;!@[#1H0X1x0!r+0A:4] :          2
   2 ProperTorsions/Proper/k4/[#1H0X1x0!r+0A:1]-;!@[#6H2X4x0!r+0A:2](-;!@[#1H0X1x0!r+0A])(-;!@[#35H0X1x0!r+0A])-;!@[#8H1X2x0!r+0A:3]-;!@[#1H0X1x0!r+0A:4] :          2
   3 ProperTorsions/Proper/k2/[#1H0X1x0!r+0A:1]-;!@[#6H2X4x0!r+0A:2](-;!@[#1H0X1x0!r+0A])(-;!@[#35H0X1x0!r+0A])-;!@[#8H1X2x0!r+0A:3]-;!@[#1H0X1x0!r+0A:4] :          2
   4 ProperTorsions/Proper/k1/[#35H0X1x0!r+0A:1]-;!@[#6H2X4x0!r+0A:2](-;!@[#1H0X1x0!r+0A])(-;!@[#1H0X1x0!r+0A])-;!@[#8H1X2x0!r+0A:3]-;!@[#1H0X1x0!r+0A:4] :          1
   5 ProperTorsions/Proper/k3/[#35H0X1x0!r+0A:1]-;!@[#6H2X4x0!r+0A:2](-;!@[#1H0X1x0!r+0A])(-;!@[#1H0X1x0!r+0A])-;!@[#8H1X2x0!r+0A:3]-;!@[#1H0X1x0!r+0A:4] :          1
   6 ProperTorsions/Proper/k4/[#35H0X1x0!r+0A:1]-;!@[#6H2X4x0!r+0A:2](-;!@[#1H0X1x0!r+0A])(-;!@[#1H0X1x0!r+0A])-;!@[#8H1X2x0!r+0A:3]-;!@[#1H0X1x0!r+0A:4] :          1
   7 ProperTorsions/Proper/k2/[#35H0X1x0!r+0A:1]-;!@[#6H2X4x0!r+0A:2](-;!@[#1H0X1x0!r+0A])(-;!@[#1H0X1x0!r+0A])-;!@[#8H1X2x0!r+0A:3]-;!@[#1H0X1x0!r+0A:4] :          1
SNIRNOFF Parameter Coverage Analysis result: 8/8 parameters are covered.
----------------------------------------------------------------------------------------------------------------------
L1 norm uses the hyperbolic penalty, make sure penalty_hyperbolic_b is set sufficiently small
#========================================================#
#| [92m           Setup for objective function :           [0m |#
#========================================================#
penalty_type              L1 
penalty_additive          1.0 
normalize_weights         False 
----------------------------------------------------------
#========================================================#
#| [92m                Setup for optimizer                 [0m |#
#========================================================#
jobtype                   OPTIMIZE 
trust0                    -0.25 
mintrust                  0.05 
eps                       0.01 
h                         0.01 
h0                        0.01 
convergence_objective     0.01 
convergence_step          0.01 
convergence_gradient      0.01 
maxstep                   10 
adapt_fac                 0.2 
adapt_damp                1.0 
err_tol                   1.0 
input_file                optimize.in 
criteria                  2 
----------------------------------------------------------
Calculation started at 2021-09-07 12:11 PM
#========================================================#
#| [1m                  Main Optimizer                    [0m |#
#| [1m  Newton-Raphson Method (Hessian Diagonal Search)   [0m |#
#| [1m                                                    [0m |#
#| [1m       [0mConvergence criteria (2 of 3 needed):        [0m |#
#| [1m          [0mObjective Function  : 1.000e-02           [0m |#
#| [1m          [0mNorm of Gradient    : 1.000e-02           [0m |#
#| [1m          [0mParameter step size : 1.000e-02           [0m |#
#========================================================#
#========================================================#
#|       Color Key for Objective Function -=X2=-        |#
#|  [1mBold[0m = Initial step                                 |#
#|  [92mGreen = Current lowest value of objective function[0m  |#
#|  [91mRed = Objective function rises, step rejected[0m       |#
#|  [0mNo color = Not at the lowest value                  |#
#========================================================#
#========================================================#
#| [94m     Iteration 0: Evaluating objective function     [0m |#
#| [94m        and derivatives through second order        [0m |#
#========================================================#

#==================================================================================================================================================#
#| [92m                               Torsion Profile: torsion-1, Objective =  2.77436e+00, Units = kcal/mol, Angstrom                               [0m |#
#| [92m System                                             Min(QM)    Min(MM)      Range(QM)          Range(MM)    Max-RMSD   Ene-RMSE    Obj-Fn     [0m |#
#==================================================================================================================================================#
torsion-1                                                  60        -45     0.000 - 5.237    -0.163 - 5.365      0.040     1.6656    2.7744 
----------------------------------------------------------------------------------------------------------------------------------------------------
#====================================================================#
#| [94m                  Objective Function Breakdown                  [0m |#
#| [94m  Target Name              Residual  x  Weight  =  Contribution [0m |#
#====================================================================#
torsion-1                      2.77436      1.000 [94m     2.77436e+00[0m 
Regularization                 0.00000      1.000 [94m     0.00000e+00[0m 
Total                                             [94m     2.77436e+00[0m 
----------------------------------------------------------------------

  Step       |k|        |dk|       |grad|       -=X2=-     Delta(X2)    StepQual
     0   0.000e+00   0.000e+00   2.444e+01[1m   2.77436e+00[0m   0.000e+00      0.000

#========================================================#
#| [94m                   Total Gradient                   [0m |#
#========================================================#
   0 [  1.26254181e+01 ] : ProperTorsions/Proper/k1/[#1H0X1x0!r+0A:1]-;!@[#6H2X4x0!r+0A:2](-;!@[#1H0X1x0!r+0A])(-;!@[#35H0X1x0!r+0A])-;!@[#8H1X2x0!r+0A:3]-;!@[#1H0X1x0!r+0A:4]
   1 [ -1.03135965e+01 ] : ProperTorsions/Proper/k3/[#1H0X1x0!r+0A:1]-;!@[#6H2X4x0!r+0A:2](-;!@[#1H0X1x0!r+0A])(-;!@[#35H0X1x0!r+0A])-;!@[#8H1X2x0!r+0A:3]-;!@[#1H0X1x0!r+0A:4]
   2 [  9.18113463e+00 ] : ProperTorsions/Proper/k4/[#1H0X1x0!r+0A:1]-;!@[#6H2X4x0!r+0A:2](-;!@[#1H0X1x0!r+0A])(-;!@[#35H0X1x0!r+0A])-;!@[#8H1X2x0!r+0A:3]-;!@[#1H0X1x0!r+0A:4]
   3 [  3.30473436e+00 ] : ProperTorsions/Proper/k2/[#1H0X1x0!r+0A:1]-;!@[#6H2X4x0!r+0A:2](-;!@[#1H0X1x0!r+0A])(-;!@[#35H0X1x0!r+0A])-;!@[#8H1X2x0!r+0A:3]-;!@[#1H0X1x0!r+0A:4]
   4 [  6.88061386e+00 ] : ProperTorsions/Proper/k1/[#35H0X1x0!r+0A:1]-;!@[#6H2X4x0!r+0A:2](-;!@[#1H0X1x0!r+0A])(-;!@[#1H0X1x0!r+0A])-;!@[#8H1X2x0!r+0A:3]-;!@[#1H0X1x0!r+0A:4]
   5 [  1.08988285e+01 ] : ProperTorsions/Proper/k3/[#35H0X1x0!r+0A:1]-;!@[#6H2X4x0!r+0A:2](-;!@[#1H0X1x0!r+0A])(-;!@[#1H0X1x0!r+0A])-;!@[#8H1X2x0!r+0A:3]-;!@[#1H0X1x0!r+0A:4]
   6 [ -7.60241493e+00 ] : ProperTorsions/Proper/k4/[#35H0X1x0!r+0A:1]-;!@[#6H2X4x0!r+0A:2](-;!@[#1H0X1x0!r+0A])(-;!@[#1H0X1x0!r+0A])-;!@[#8H1X2x0!r+0A:3]-;!@[#1H0X1x0!r+0A:4]
   7 [ -3.49850150e+00 ] : ProperTorsions/Proper/k2/[#35H0X1x0!r+0A:1]-;!@[#6H2X4x0!r+0A:2](-;!@[#1H0X1x0!r+0A])(-;!@[#1H0X1x0!r+0A])-;!@[#8H1X2x0!r+0A:3]-;!@[#1H0X1x0!r+0A:4]
----------------------------------------------------------
Calculating nonlinear optimization step
Hessian has a small or negative eigenvalue (4.8e-08), mixing in some steepest descent (1.0e-02) to correct this.
Eigenvalues are:
 4.8e-08  1.7e-02  9.8e-02  2.0e-01  3.8e+01  4.6e+01  9.6e+01  4.6e+02 
0.008 s (L-BFGS 1) 0.008 s (L-BFGS 2) 0.008 s (L-BFGS 1) 0.008 s (L-BFGS 2) Finding trust radius: H+0.0000*I, length 2.7105e-01 (target 2.5000e-01)
0.006 s (L-BFGS 1) 0.006 s (L-BFGS 2) Finding trust radius: H+9.0000*I, length 2.3159e-01 (target 2.5000e-01)
0.003 s (L-BFGS 1) 0.003 s (L-BFGS 2) Finding trust radius: H+61.6869*I, length 1.2953e-01 (target 2.5000e-01)
0.006 s (L-BFGS 1) 0.007 s (L-BFGS 2) Finding trust radius: H+9.0000*I, length 2.3159e-01 (target 2.5000e-01)
0.004 s (L-BFGS 1) 0.005 s (L-BFGS 2) Finding trust radius: H+23.5623*I, length 1.8802e-01 (target 2.5000e-01)
0.010 s (L-BFGS 1) 0.010 s (L-BFGS 2) Finding trust radius: H+3.4377*I, length 2.5424e-01 (target 2.5000e-01)
0.007 s (L-BFGS 1) 0.007 s (L-BFGS 2) Finding trust radius: H+4.6915*I, length 2.4874e-01 (target 2.5000e-01)
0.014 s (L-BFGS 1) 0.014 s (L-BFGS 2) Finding trust radius: H+4.3100*I, length 2.5049e-01 (target 2.5000e-01)
0.012 s (L-BFGS 1) 0.013 s (L-BFGS 2) Finding trust radius: H+4.3947*I, length 2.5003e-01 (target 2.5000e-01)
0.010 s (L-BFGS 1) 0.010 s (L-BFGS 2) Finding trust radius: H+4.4158*I, length 2.4992e-01 (target 2.5000e-01)
0.008 s (L-BFGS 1) 0.009 s (L-BFGS 2) Finding trust radius: H+4.4011*I, length 2.4999e-01 (target 2.5000e-01)
0.009 s (L-BFGS 1) 0.009 s (L-BFGS 2) Finding trust radius: H+4.3998*I, length 2.4999e-01 (target 2.5000e-01)
0.009 s (L-BFGS 1) 0.009 s (L-BFGS 2) Finding trust radius: H+4.3985*I, length 2.5001e-01 (target 2.5000e-01)
0.013 s (L-BFGS 1) 0.013 s (L-BFGS 2) Finding trust radius: H+4.3970*I, length 2.4998e-01 (target 2.5000e-01)
0.009 s (L-BFGS 1) 0.009 s (L-BFGS 2) Starting Hessian diagonal search with step size 2.5001e-01
0.009 s (L-BFGS 1) 0.009 s (L-BFGS 2) Hessian diagonal search: H+4.3985*I, length 2.5001e-01, result -2.2640e+00
0.001 s (L-BFGS 1) 0.001 s (L-BFGS 2) Hessian diagonal search: H+129.7106*I, length 8.5352e-02, result -1.3123e+00
0.001 s (L-BFGS 1) 0.001 s (L-BFGS 2) Hessian diagonal search: H+167.3704*I, length 7.2300e-02, result -1.1610e+00
0.009 s (L-BFGS 1) 0.008 s (L-BFGS 2) Hessian diagonal search: H+4.3985*I, length 2.5001e-01, result -2.2640e+00
0.008 s (L-BFGS 1) 0.006 s (L-BFGS 2) Hessian diagonal search: H+13.2888*I, length 2.1676e-01, result -2.1983e+00
0.003 s (L-BFGS 1) 0.003 s (L-BFGS 2) Hessian diagonal search: H+31.8820*I, length 1.7058e-01, result -2.0075e+00
0.015 s (L-BFGS 1) 0.016 s (L-BFGS 2) Hessian diagonal search: H+0.0194*I, length 3.0593e-01, result -2.2771e+00
0.007 s (L-BFGS 1) 0.007 s (L-BFGS 2) Hessian diagonal search: H+0.1488*I, length 2.7027e-01, result -2.2749e+00
0.011 s (L-BFGS 1) 0.010 s (L-BFGS 2) Hessian diagonal search: H+2.1860*I, length 2.6011e-01, result -2.2722e+00
0.021 s (L-BFGS 1) 0.018 s (L-BFGS 2) Hessian diagonal search: H+0.1392*I, length 2.7677e-01, result -2.2758e+00
0.020 s (L-BFGS 1) 0.021 s (L-BFGS 2) Hessian diagonal search: H+0.0019*I, length 3.2450e-01, result -2.2776e+00
0.008 s (L-BFGS 1) 0.009 s (L-BFGS 2) Hessian diagonal search: H+0.0145*I, length 2.7097e-01, result -2.2749e+00
0.009 s (L-BFGS 1) 0.008 s (L-BFGS 2) Hessian diagonal search: H+0.0004*I, length 2.7104e-01, result -2.2749e+00
0.013 s (L-BFGS 1) 0.012 s (L-BFGS 2) Hessian diagonal search: H+0.0064*I, length 2.7099e-01, result -2.2749e+00
0.019 s (L-BFGS 1) 0.017 s (L-BFGS 2) Hessian diagonal search: H+0.0004*I, length 3.2669e-01, result -2.2776e+00
0.016 s (L-BFGS 1) 0.016 s (L-BFGS 2) Hessian diagonal search: H+0.0000*I, length 3.2720e-01, result -2.2777e+00
0.008 s (L-BFGS 1) 0.008 s (L-BFGS 2) Hessian diagonal search: H+0.0000*I, length 2.7105e-01, result -2.2749e+00
0.010 s (L-BFGS 1) 0.009 s (L-BFGS 2) Hessian diagonal search: H+0.0001*I, length 2.7105e-01, result -2.2749e+00
0.025 s (L-BFGS 1) 0.022 s (L-BFGS 2) Hessian diagonal search: H+0.0000*I, length 3.2721e-01, result -2.2777e+00
0.027 s (L-BFGS 1) 0.027 s (L-BFGS 2) Hessian diagonal search: H+0.0000*I, length 3.2723e-01, result -2.2777e+00
0.024 s (L-BFGS 1) 0.025 s (L-BFGS 2) Hessian diagonal search: H+0.0000*I, length 3.1334e-01, result -2.2773e+00
0.017 s (L-BFGS 1) 0.017 s (L-BFGS 2) Hessian diagonal search: H+0.0000*I, length 3.2728e-01, result -2.2777e+00
0.017 s (L-BFGS 1) 0.017 s (L-BFGS 2) Hessian diagonal search: H+0.0000*I, length 3.2725e-01, result -2.2777e+00
0.019 s (L-BFGS 1) 0.018 s (L-BFGS 2) Hessian diagonal search: H+0.0000*I, length 3.2729e-01, result -2.2777e+00
0.014 s (L-BFGS 1) 0.013 s (L-BFGS 2) Hessian diagonal search: H+0.0000*I, length 3.2728e-01, result -2.2777e+00
0.018 s (L-BFGS 1) 0.019 s (L-BFGS 2) Optimization step found (length 3.2729e-01)
#========================================================#
#| [95m  Mathematical Parameters (Current + Step = Next)   [0m |#
#========================================================#
   0 [  0.0000e+00 - 8.1124e-02 = -8.1124e-02 ] : ProperTorsions/Proper/k1/[#1H0X1x0!r+0A:1]-;!@[#6H2X4x0!r+0A:2](-;!@[#1H0X1x0!r+0A])(-;!@[#35H0X1x0!r+0A])-;!@[#8H1X2x0!r+0A:3]-;!@[#1H0X1x0!r+0A:4]
   1 [  0.0000e+00 + 4.3692e-02 =  4.3692e-02 ] : ProperTorsions/Proper/k3/[#1H0X1x0!r+0A:1]-;!@[#6H2X4x0!r+0A:2](-;!@[#1H0X1x0!r+0A])(-;!@[#35H0X1x0!r+0A])-;!@[#8H1X2x0!r+0A:3]-;!@[#1H0X1x0!r+0A:4]
   2 [  0.0000e+00 - 1.1504e-02 = -1.1504e-02 ] : ProperTorsions/Proper/k4/[#1H0X1x0!r+0A:1]-;!@[#6H2X4x0!r+0A:2](-;!@[#1H0X1x0!r+0A])(-;!@[#35H0X1x0!r+0A])-;!@[#8H1X2x0!r+0A:3]-;!@[#1H0X1x0!r+0A:4]
   3 [  0.0000e+00 + 7.9777e-07 =  7.9777e-07 ] : ProperTorsions/Proper/k2/[#1H0X1x0!r+0A:1]-;!@[#6H2X4x0!r+0A:2](-;!@[#1H0X1x0!r+0A])(-;!@[#35H0X1x0!r+0A])-;!@[#8H1X2x0!r+0A:3]-;!@[#1H0X1x0!r+0A:4]
   4 [  0.0000e+00 - 5.6884e-07 = -5.6884e-07 ] : ProperTorsions/Proper/k1/[#35H0X1x0!r+0A:1]-;!@[#6H2X4x0!r+0A:2](-;!@[#1H0X1x0!r+0A])(-;!@[#1H0X1x0!r+0A])-;!@[#8H1X2x0!r+0A:3]-;!@[#1H0X1x0!r+0A:4]
   5 [  0.0000e+00 - 3.1384e-01 = -3.1384e-01 ] : ProperTorsions/Proper/k3/[#35H0X1x0!r+0A:1]-;!@[#6H2X4x0!r+0A:2](-;!@[#1H0X1x0!r+0A])(-;!@[#1H0X1x0!r+0A])-;!@[#8H1X2x0!r+0A:3]-;!@[#1H0X1x0!r+0A:4]
   6 [  0.0000e+00 + 3.1727e-06 =  3.1727e-06 ] : ProperTorsions/Proper/k4/[#35H0X1x0!r+0A:1]-;!@[#6H2X4x0!r+0A:2](-;!@[#1H0X1x0!r+0A])(-;!@[#1H0X1x0!r+0A])-;!@[#8H1X2x0!r+0A:3]-;!@[#1H0X1x0!r+0A:4]
   7 [  0.0000e+00 - 6.5506e-07 = -6.5506e-07 ] : ProperTorsions/Proper/k2/[#35H0X1x0!r+0A:1]-;!@[#6H2X4x0!r+0A:2](-;!@[#1H0X1x0!r+0A])(-;!@[#1H0X1x0!r+0A])-;!@[#8H1X2x0!r+0A:3]-;!@[#1H0X1x0!r+0A:4]
----------------------------------------------------------
#========================================================#
#| [95m    Physical Parameters (Current + Step = Next)     [0m |#
#========================================================#
   0 [  6.9859e-01 - 4.8674e-01 =  2.1185e-01 ] : ProperTorsions/Proper/k1/[#1H0X1x0!r+0A:1]-;!@[#6H2X4x0!r+0A:2](-;!@[#1H0X1x0!r+0A])(-;!@[#35H0X1x0!r+0A])-;!@[#8H1X2x0!r+0A:3]-;!@[#1H0X1x0!r+0A:4]
   1 [  1.0000e-06 + 2.6215e-01 =  2.6215e-01 ] : ProperTorsions/Proper/k3/[#1H0X1x0!r+0A:1]-;!@[#6H2X4x0!r+0A:2](-;!@[#1H0X1x0!r+0A])(-;!@[#35H0X1x0!r+0A])-;!@[#8H1X2x0!r+0A:3]-;!@[#1H0X1x0!r+0A:4]
   2 [  1.0000e-06 - 6.9021e-02 = -6.9020e-02 ] : ProperTorsions/Proper/k4/[#1H0X1x0!r+0A:1]-;!@[#6H2X4x0!r+0A:2](-;!@[#1H0X1x0!r+0A])(-;!@[#35H0X1x0!r+0A])-;!@[#8H1X2x0!r+0A:3]-;!@[#1H0X1x0!r+0A:4]
   3 [  1.0000e-06 + 4.7866e-06 =  5.7866e-06 ] : ProperTorsions/Proper/k2/[#1H0X1x0!r+0A:1]-;!@[#6H2X4x0!r+0A:2](-;!@[#1H0X1x0!r+0A])(-;!@[#35H0X1x0!r+0A])-;!@[#8H1X2x0!r+0A:3]-;!@[#1H0X1x0!r+0A:4]
   4 [  6.9859e-01 - 3.4130e-06 =  6.9859e-01 ] : ProperTorsions/Proper/k1/[#35H0X1x0!r+0A:1]-;!@[#6H2X4x0!r+0A:2](-;!@[#1H0X1x0!r+0A])(-;!@[#1H0X1x0!r+0A])-;!@[#8H1X2x0!r+0A:3]-;!@[#1H0X1x0!r+0A:4]
   5 [  1.0000e-06 - 1.8831e+00 = -1.8831e+00 ] : ProperTorsions/Proper/k3/[#35H0X1x0!r+0A:1]-;!@[#6H2X4x0!r+0A:2](-;!@[#1H0X1x0!r+0A])(-;!@[#1H0X1x0!r+0A])-;!@[#8H1X2x0!r+0A:3]-;!@[#1H0X1x0!r+0A:4]
   6 [  1.0000e-06 + 1.9036e-05 =  2.0036e-05 ] : ProperTorsions/Proper/k4/[#35H0X1x0!r+0A:1]-;!@[#6H2X4x0!r+0A:2](-;!@[#1H0X1x0!r+0A])(-;!@[#1H0X1x0!r+0A])-;!@[#8H1X2x0!r+0A:3]-;!@[#1H0X1x0!r+0A:4]
   7 [  1.0000e-06 - 3.9304e-06 = -2.9304e-06 ] : ProperTorsions/Proper/k2/[#35H0X1x0!r+0A:1]-;!@[#6H2X4x0!r+0A:2](-;!@[#1H0X1x0!r+0A])(-;!@[#1H0X1x0!r+0A])-;!@[#8H1X2x0!r+0A:3]-;!@[#1H0X1x0!r+0A:4]
----------------------------------------------------------
Input file with saved parameters: optimize.sav
#========================================================#
#| [94m     Iteration 1: Evaluating objective function     [0m |#
#| [94m        and derivatives through second order        [0m |#
#========================================================#

#==================================================================================================================================================#
#| [92m                               Torsion Profile: torsion-1, Objective =  4.65350e-02, Units = kcal/mol, Angstrom                               [0m |#
#| [92m System                                             Min(QM)    Min(MM)      Range(QM)          Range(MM)    Max-RMSD   Ene-RMSE    Obj-Fn     [0m |#
#==================================================================================================================================================#
torsion-1                                                  60        -60     0.000 - 5.237    -0.022 - 4.574      0.041     0.2157    0.0465 
----------------------------------------------------------------------------------------------------------------------------------------------------
#===================================================================================#
#| [94m                         Objective Function Breakdown                          [0m |#
#| [94m  Target Name              Residual  x  Weight  =  Contribution (Current-Prev) [0m |#
#===================================================================================#
torsion-1                      0.04654      1.000 [92m     4.65350e-02[0m ( -2.728e+00 ) 
Regularization                 0.45016      1.000 [91m     4.50160e-01[0m ( +4.502e-01 ) 
Total                                             [92m     4.96695e-01[0m ( -2.278e+00 ) 
-------------------------------------------------------------------------------------
Creating the directory /Users/joshuahorton/Documents/Projects/2021-bespokefit-workshop/bespoke_task_0/result/optimize to print the force field
#========================================================================#
#|  The force field has been written to the result/optimize directory.  |#
#|    Input file with optimization parameters saved to optimize.sav.    |#
#========================================================================#

  Step       |k|        |dk|       |grad|       -=X2=-     Delta(X2)    StepQual
     1   3.273e-01   3.273e-01   4.967e-01[92m   4.96695e-01[0m  -2.278e+00      1.000

#========================================================#
#| [94m                   Total Gradient                   [0m |#
#========================================================#
   0 [ -3.74354874e-01 ] : ProperTorsions/Proper/k1/[#1H0X1x0!r+0A:1]-;!@[#6H2X4x0!r+0A:2](-;!@[#1H0X1x0!r+0A])(-;!@[#35H0X1x0!r+0A])-;!@[#8H1X2x0!r+0A:3]-;!@[#1H0X1x0!r+0A:4]
   1 [ -2.69237188e-02 ] : ProperTorsions/Proper/k3/[#1H0X1x0!r+0A:1]-;!@[#6H2X4x0!r+0A:2](-;!@[#1H0X1x0!r+0A])(-;!@[#35H0X1x0!r+0A])-;!@[#8H1X2x0!r+0A:3]-;!@[#1H0X1x0!r+0A:4]
   2 [ -1.55240340e-01 ] : ProperTorsions/Proper/k4/[#1H0X1x0!r+0A:1]-;!@[#6H2X4x0!r+0A:2](-;!@[#1H0X1x0!r+0A])(-;!@[#35H0X1x0!r+0A])-;!@[#8H1X2x0!r+0A:3]-;!@[#1H0X1x0!r+0A:4]
   3 [ -5.53795864e-02 ] : ProperTorsions/Proper/k2/[#1H0X1x0!r+0A:1]-;!@[#6H2X4x0!r+0A:2](-;!@[#1H0X1x0!r+0A])(-;!@[#35H0X1x0!r+0A])-;!@[#8H1X2x0!r+0A:3]-;!@[#1H0X1x0!r+0A:4]
   4 [ -1.48574861e-01 ] : ProperTorsions/Proper/k1/[#35H0X1x0!r+0A:1]-;!@[#6H2X4x0!r+0A:2](-;!@[#1H0X1x0!r+0A])(-;!@[#1H0X1x0!r+0A])-;!@[#8H1X2x0!r+0A:3]-;!@[#1H0X1x0!r+0A:4]
   5 [  5.39882518e-02 ] : ProperTorsions/Proper/k3/[#35H0X1x0!r+0A:1]-;!@[#6H2X4x0!r+0A:2](-;!@[#1H0X1x0!r+0A])(-;!@[#1H0X1x0!r+0A])-;!@[#8H1X2x0!r+0A:3]-;!@[#1H0X1x0!r+0A:4]
   6 [  2.02245494e-01 ] : ProperTorsions/Proper/k4/[#35H0X1x0!r+0A:1]-;!@[#6H2X4x0!r+0A:2](-;!@[#1H0X1x0!r+0A])(-;!@[#1H0X1x0!r+0A])-;!@[#8H1X2x0!r+0A:3]-;!@[#1H0X1x0!r+0A:4]
   7 [  1.13105427e-01 ] : ProperTorsions/Proper/k2/[#35H0X1x0!r+0A:1]-;!@[#6H2X4x0!r+0A:2](-;!@[#1H0X1x0!r+0A])(-;!@[#1H0X1x0!r+0A])-;!@[#8H1X2x0!r+0A:3]-;!@[#1H0X1x0!r+0A:4]
----------------------------------------------------------
Calculating nonlinear optimization step
Hessian has a small or negative eigenvalue (5.8e-08), mixing in some steepest descent (1.0e-02) to correct this.
Eigenvalues are:
 5.8e-08  1.3e-03  8.4e-03  4.5e-02  3.7e+01  4.7e+01  9.6e+01  4.8e+02 
0.023 s (L-BFGS 1) 0.030 s (L-BFGS 2) Starting Hessian diagonal search with step size 6.0565e-02
0.023 s (L-BFGS 1) 0.033 s (L-BFGS 2) Hessian diagonal search: H+0.0000*I, length 6.0565e-02, result -1.1193e-03
0.007 s (L-BFGS 1) 0.006 s (L-BFGS 2) Hessian diagonal search: H+9.0000*I, length 2.1177e-03, result -2.7089e-04
0.006 s (L-BFGS 1) 0.006 s (L-BFGS 2) Hessian diagonal search: H+23.5623*I, length 1.3575e-03, result -2.5354e-04
0.023 s (L-BFGS 1) 0.032 s (L-BFGS 2) Hessian diagonal search: H+0.0000*I, length 6.0565e-02, result -1.1193e-03
0.014 s (L-BFGS 1) 0.009 s (L-BFGS 2) Hessian diagonal search: H+3.4377*I, length 4.5256e-03, result -3.1010e-04
0.011 s (L-BFGS 1) 0.014 s (L-BFGS 2) Hessian diagonal search: H+1.3131*I, length 1.1244e-02, result -4.0968e-04
0.025 s (L-BFGS 1) 0.020 s (L-BFGS 2) Hessian diagonal search: H+0.0942*I, length 6.0605e-02, result -1.1193e-03
0.023 s (L-BFGS 1) 0.034 s (L-BFGS 2) Hessian diagonal search: H+0.0236*I, length 6.0539e-02, result -1.1193e-03
0.014 s (L-BFGS 1) 0.015 s (L-BFGS 2) Hessian diagonal search: H+0.8062*I, length 1.8029e-02, result -5.0852e-04
0.021 s (L-BFGS 1) 0.017 s (L-BFGS 2) Hessian diagonal search: H+0.2858*I, length 4.8318e-02, result -9.4578e-04
0.018 s (L-BFGS 1) 0.016 s (L-BFGS 2) Hessian diagonal search: H+0.1551*I, length 6.0401e-02, result -1.1187e-03
0.023 s (L-BFGS 1) 0.031 s (L-BFGS 2) Hessian diagonal search: H+0.0617*I, length 6.0500e-02, result -1.1192e-03
0.022 s (L-BFGS 1) 0.026 s (L-BFGS 2) Hessian diagonal search: H+0.1157*I, length 6.0113e-02, result -1.1152e-03
0.022 s (L-BFGS 1) 0.025 s (L-BFGS 2) Hessian diagonal search: H+0.0810*I, length 6.0481e-02, result -1.1192e-03
0.021 s (L-BFGS 1) 0.018 s (L-BFGS 2) Hessian diagonal search: H+0.1022*I, length 6.0453e-02, result -1.1191e-03
0.035 s (L-BFGS 1) 0.027 s (L-BFGS 2) Hessian diagonal search: H+0.0890*I, length 6.0472e-02, result -1.1190e-03
0.024 s (L-BFGS 1) 0.020 s (L-BFGS 2) Hessian diagonal search: H+0.0972*I, length 6.0464e-02, result -1.1191e-03
0.019 s (L-BFGS 1) 0.020 s (L-BFGS 2) Hessian diagonal search: H+0.0922*I, length 6.0470e-02, result -1.1191e-03
0.024 s (L-BFGS 1) 0.020 s (L-BFGS 2) Hessian diagonal search: H+0.0953*I, length 6.0464e-02, result -1.1191e-03
0.017 s (L-BFGS 1) 0.025 s (L-BFGS 2) Hessian diagonal search: H+0.0934*I, length 6.0464e-02, result -1.1191e-03
0.020 s (L-BFGS 1) 0.016 s (L-BFGS 2) Hessian diagonal search: H+0.0946*I, length 6.0465e-02, result -1.1191e-03
0.023 s (L-BFGS 1) 0.021 s (L-BFGS 2) Hessian diagonal search: H+0.0939*I, length 6.0467e-02, result -1.1191e-03
0.020 s (L-BFGS 1) 0.021 s (L-BFGS 2) Hessian diagonal search: H+0.0944*I, length 6.0467e-02, result -1.1191e-03
0.023 s (L-BFGS 1) 0.020 s (L-BFGS 2) Hessian diagonal search: H+0.0941*I, length 6.0465e-02, result -1.1191e-03
0.025 s (L-BFGS 1) 0.031 s (L-BFGS 2) Hessian diagonal search: H+0.0943*I, length 6.0455e-02, result -1.1189e-03
0.023 s (L-BFGS 1) 0.022 s (L-BFGS 2) Hessian diagonal search: H+0.0942*I, length 6.0463e-02, result -1.1191e-03
0.025 s (L-BFGS 1) 0.020 s (L-BFGS 2) Optimization step found (length 6.0605e-02)
#========================================================#
#| [95m  Mathematical Parameters (Current + Step = Next)   [0m |#
#========================================================#
   0 [ -8.1124e-02 + 6.2542e-05 = -8.1061e-02 ] : ProperTorsions/Proper/k1/[#1H0X1x0!r+0A:1]-;!@[#6H2X4x0!r+0A:2](-;!@[#1H0X1x0!r+0A])(-;!@[#35H0X1x0!r+0A])-;!@[#8H1X2x0!r+0A:3]-;!@[#1H0X1x0!r+0A:4]
   1 [  4.3692e-02 - 4.3686e-02 =  5.6219e-06 ] : ProperTorsions/Proper/k3/[#1H0X1x0!r+0A:1]-;!@[#6H2X4x0!r+0A:2](-;!@[#1H0X1x0!r+0A])(-;!@[#35H0X1x0!r+0A])-;!@[#8H1X2x0!r+0A:3]-;!@[#1H0X1x0!r+0A:4]
   2 [ -1.1504e-02 + 1.8335e-03 = -9.6700e-03 ] : ProperTorsions/Proper/k4/[#1H0X1x0!r+0A:1]-;!@[#6H2X4x0!r+0A:2](-;!@[#1H0X1x0!r+0A])(-;!@[#35H0X1x0!r+0A])-;!@[#8H1X2x0!r+0A:3]-;!@[#1H0X1x0!r+0A:4]
   3 [  7.9777e-07 + 8.2204e-08 =  8.7998e-07 ] : ProperTorsions/Proper/k2/[#1H0X1x0!r+0A:1]-;!@[#6H2X4x0!r+0A:2](-;!@[#1H0X1x0!r+0A])(-;!@[#35H0X1x0!r+0A])-;!@[#8H1X2x0!r+0A:3]-;!@[#1H0X1x0!r+0A:4]
   4 [ -5.6884e-07 - 7.2903e-08 = -6.4174e-07 ] : ProperTorsions/Proper/k1/[#35H0X1x0!r+0A:1]-;!@[#6H2X4x0!r+0A:2](-;!@[#1H0X1x0!r+0A])(-;!@[#1H0X1x0!r+0A])-;!@[#8H1X2x0!r+0A:3]-;!@[#1H0X1x0!r+0A:4]
   5 [ -3.1384e-01 - 4.1965e-02 = -3.5581e-01 ] : ProperTorsions/Proper/k3/[#35H0X1x0!r+0A:1]-;!@[#6H2X4x0!r+0A:2](-;!@[#1H0X1x0!r+0A])(-;!@[#1H0X1x0!r+0A])-;!@[#8H1X2x0!r+0A:3]-;!@[#1H0X1x0!r+0A:4]
   6 [  3.1727e-06 - 1.2936e-06 =  1.8791e-06 ] : ProperTorsions/Proper/k4/[#35H0X1x0!r+0A:1]-;!@[#6H2X4x0!r+0A:2](-;!@[#1H0X1x0!r+0A])(-;!@[#1H0X1x0!r+0A])-;!@[#8H1X2x0!r+0A:3]-;!@[#1H0X1x0!r+0A:4]
   7 [ -6.5506e-07 - 2.0965e-07 = -8.6471e-07 ] : ProperTorsions/Proper/k2/[#35H0X1x0!r+0A:1]-;!@[#6H2X4x0!r+0A:2](-;!@[#1H0X1x0!r+0A])(-;!@[#1H0X1x0!r+0A])-;!@[#8H1X2x0!r+0A:3]-;!@[#1H0X1x0!r+0A:4]
----------------------------------------------------------
#========================================================#
#| [95m    Physical Parameters (Current + Step = Next)     [0m |#
#========================================================#
   0 [  2.1185e-01 + 3.7525e-04 =  2.1223e-01 ] : ProperTorsions/Proper/k1/[#1H0X1x0!r+0A:1]-;!@[#6H2X4x0!r+0A:2](-;!@[#1H0X1x0!r+0A])(-;!@[#35H0X1x0!r+0A])-;!@[#8H1X2x0!r+0A:3]-;!@[#1H0X1x0!r+0A:4]
   1 [  2.6215e-01 - 2.6212e-01 =  3.4731e-05 ] : ProperTorsions/Proper/k3/[#1H0X1x0!r+0A:1]-;!@[#6H2X4x0!r+0A:2](-;!@[#1H0X1x0!r+0A])(-;!@[#35H0X1x0!r+0A])-;!@[#8H1X2x0!r+0A:3]-;!@[#1H0X1x0!r+0A:4]
   2 [ -6.9020e-02 + 1.1001e-02 = -5.8019e-02 ] : ProperTorsions/Proper/k4/[#1H0X1x0!r+0A:1]-;!@[#6H2X4x0!r+0A:2](-;!@[#1H0X1x0!r+0A])(-;!@[#35H0X1x0!r+0A])-;!@[#8H1X2x0!r+0A:3]-;!@[#1H0X1x0!r+0A:4]
   3 [  5.7866e-06 + 4.9322e-07 =  6.2799e-06 ] : ProperTorsions/Proper/k2/[#1H0X1x0!r+0A:1]-;!@[#6H2X4x0!r+0A:2](-;!@[#1H0X1x0!r+0A])(-;!@[#35H0X1x0!r+0A])-;!@[#8H1X2x0!r+0A:3]-;!@[#1H0X1x0!r+0A:4]
   4 [  6.9859e-01 - 4.3742e-07 =  6.9859e-01 ] : ProperTorsions/Proper/k1/[#35H0X1x0!r+0A:1]-;!@[#6H2X4x0!r+0A:2](-;!@[#1H0X1x0!r+0A])(-;!@[#1H0X1x0!r+0A])-;!@[#8H1X2x0!r+0A:3]-;!@[#1H0X1x0!r+0A:4]
   5 [ -1.8831e+00 - 2.5179e-01 = -2.1348e+00 ] : ProperTorsions/Proper/k3/[#35H0X1x0!r+0A:1]-;!@[#6H2X4x0!r+0A:2](-;!@[#1H0X1x0!r+0A])(-;!@[#1H0X1x0!r+0A])-;!@[#8H1X2x0!r+0A:3]-;!@[#1H0X1x0!r+0A:4]
   6 [  2.0036e-05 - 7.7617e-06 =  1.2275e-05 ] : ProperTorsions/Proper/k4/[#35H0X1x0!r+0A:1]-;!@[#6H2X4x0!r+0A:2](-;!@[#1H0X1x0!r+0A])(-;!@[#1H0X1x0!r+0A])-;!@[#8H1X2x0!r+0A:3]-;!@[#1H0X1x0!r+0A:4]
   7 [ -2.9304e-06 - 1.2579e-06 = -4.1883e-06 ] : ProperTorsions/Proper/k2/[#35H0X1x0!r+0A:1]-;!@[#6H2X4x0!r+0A:2](-;!@[#1H0X1x0!r+0A])(-;!@[#1H0X1x0!r+0A])-;!@[#8H1X2x0!r+0A:3]-;!@[#1H0X1x0!r+0A:4]
----------------------------------------------------------
Input file with saved parameters: optimize.sav
Setting finite difference step to 6.0605e-03
#========================================================#
#| [94m     Iteration 2: Evaluating objective function     [0m |#
#| [94m        and derivatives through second order        [0m |#
#========================================================#

#==================================================================================================================================================#
#| [92m                               Torsion Profile: torsion-1, Objective =  4.90337e-02, Units = kcal/mol, Angstrom                               [0m |#
#| [92m System                                             Min(QM)    Min(MM)      Range(QM)          Range(MM)    Max-RMSD   Ene-RMSE    Obj-Fn     [0m |#
#==================================================================================================================================================#
torsion-1                                                  60        -60     0.000 - 5.237    -0.022 - 4.581      0.042     0.2214    0.0490 
----------------------------------------------------------------------------------------------------------------------------------------------------
#===================================================================================#
#| [94m                         Objective Function Breakdown                          [0m |#
#| [94m  Target Name              Residual  x  Weight  =  Contribution (Current-Prev) [0m |#
#===================================================================================#
torsion-1                      0.04903      1.000 [91m     4.90337e-02[0m ( +2.499e-03 ) 
Regularization                 0.44654      1.000 [92m     4.46542e-01[0m ( -3.618e-03 ) 
Total                                             [92m     4.95575e-01[0m ( -1.119e-03 ) 
-------------------------------------------------------------------------------------
Backing up result/optimize/force-field.offxml -> result/optimize/force-field_1.offxml
#========================================================================#
#|  The force field has been written to the result/optimize directory.  |#
#|    Input file with optimization parameters saved to optimize.sav.    |#
#========================================================================#

  Step       |k|        |dk|       |grad|       -=X2=-     Delta(X2)    StepQual
     2   3.651e-01   6.060e-02   2.680e-02[92m   4.95575e-01[0m  -1.119e-03      1.000

#========================================================#
#| [94m                   Total Gradient                   [0m |#
#========================================================#
   0 [  1.01061129e-02 ] : ProperTorsions/Proper/k1/[#1H0X1x0!r+0A:1]-;!@[#6H2X4x0!r+0A:2](-;!@[#1H0X1x0!r+0A])(-;!@[#35H0X1x0!r+0A])-;!@[#8H1X2x0!r+0A:3]-;!@[#1H0X1x0!r+0A:4]
   1 [  6.03562433e-03 ] : ProperTorsions/Proper/k3/[#1H0X1x0!r+0A:1]-;!@[#6H2X4x0!r+0A:2](-;!@[#1H0X1x0!r+0A])(-;!@[#35H0X1x0!r+0A])-;!@[#8H1X2x0!r+0A:3]-;!@[#1H0X1x0!r+0A:4]
   2 [  1.01954816e-02 ] : ProperTorsions/Proper/k4/[#1H0X1x0!r+0A:1]-;!@[#6H2X4x0!r+0A:2](-;!@[#1H0X1x0!r+0A])(-;!@[#35H0X1x0!r+0A])-;!@[#8H1X2x0!r+0A:3]-;!@[#1H0X1x0!r+0A:4]
   3 [  9.15310411e-03 ] : ProperTorsions/Proper/k2/[#1H0X1x0!r+0A:1]-;!@[#6H2X4x0!r+0A:2](-;!@[#1H0X1x0!r+0A])(-;!@[#35H0X1x0!r+0A])-;!@[#8H1X2x0!r+0A:3]-;!@[#1H0X1x0!r+0A:4]
   4 [ -1.33443740e-03 ] : ProperTorsions/Proper/k1/[#35H0X1x0!r+0A:1]-;!@[#6H2X4x0!r+0A:2](-;!@[#1H0X1x0!r+0A])(-;!@[#1H0X1x0!r+0A])-;!@[#8H1X2x0!r+0A:3]-;!@[#1H0X1x0!r+0A:4]
   5 [ -1.93550515e-03 ] : ProperTorsions/Proper/k3/[#35H0X1x0!r+0A:1]-;!@[#6H2X4x0!r+0A:2](-;!@[#1H0X1x0!r+0A])(-;!@[#1H0X1x0!r+0A])-;!@[#8H1X2x0!r+0A:3]-;!@[#1H0X1x0!r+0A:4]
   6 [ -3.51001045e-03 ] : ProperTorsions/Proper/k4/[#35H0X1x0!r+0A:1]-;!@[#6H2X4x0!r+0A:2](-;!@[#1H0X1x0!r+0A])(-;!@[#1H0X1x0!r+0A])-;!@[#8H1X2x0!r+0A:3]-;!@[#1H0X1x0!r+0A:4]
   7 [ -1.93480236e-02 ] : ProperTorsions/Proper/k2/[#35H0X1x0!r+0A:1]-;!@[#6H2X4x0!r+0A:2](-;!@[#1H0X1x0!r+0A])(-;!@[#1H0X1x0!r+0A])-;!@[#8H1X2x0!r+0A:3]-;!@[#1H0X1x0!r+0A:4]
----------------------------------------------------------
Convergence criterion reached for objective function (1.00e-02)
Calculating nonlinear optimization step
Hessian has a small or negative eigenvalue (4.9e-08), mixing in some steepest descent (1.0e-02) to correct this.
Eigenvalues are:
 4.9e-08  9.4e-04  1.2e-02  2.3e-02  3.7e+01  4.8e+01  9.6e+01  4.8e+02 
0.001 s (L-BFGS 1) 0.027 s (L-BFGS 2) Starting Hessian diagonal search with step size 2.0190e-04
0.001 s (L-BFGS 1) 0.023 s (L-BFGS 2) Hessian diagonal search: H+0.0000*I, length 2.0190e-04, result -8.4108e-07
0.001 s (L-BFGS 1) 0.012 s (L-BFGS 2) Hessian diagonal search: H+9.0000*I, length 1.5382e-04, result -8.0819e-07
0.001 s (L-BFGS 1) 0.010 s (L-BFGS 2) Hessian diagonal search: H+23.5623*I, length 1.1418e-04, result -7.2798e-07
0.001 s (L-BFGS 1) 0.023 s (L-BFGS 2) Hessian diagonal search: H+0.0000*I, length 2.0190e-04, result -8.4108e-07
0.001 s (L-BFGS 1) 0.013 s (L-BFGS 2) Hessian diagonal search: H+3.4377*I, length 1.7503e-04, result -8.1689e-07
0.001 s (L-BFGS 1) 0.015 s (L-BFGS 2) Hessian diagonal search: H+1.3131*I, length 1.9050e-04, result -8.3914e-07
0.001 s (L-BFGS 1) 0.022 s (L-BFGS 2) Hessian diagonal search: H+0.1606*I, length 1.5458e-04, result -7.7908e-07
0.001 s (L-BFGS 1) 0.024 s (L-BFGS 2) Hessian diagonal search: H+0.5016*I, length 1.9811e-04, result -8.4112e-07
0.001 s (L-BFGS 1) 0.022 s (L-BFGS 2) Hessian diagonal search: H+0.1536*I, length 2.0007e-04, result -8.4113e-07
0.001 s (L-BFGS 1) 0.032 s (L-BFGS 2) Hessian diagonal search: H+0.2681*I, length 1.8857e-04, result -8.3875e-07
0.001 s (L-BFGS 1) 0.022 s (L-BFGS 2) Hessian diagonal search: H+0.0587*I, length 2.0112e-04, result -8.4087e-07
0.001 s (L-BFGS 1) 0.037 s (L-BFGS 2) Hessian diagonal search: H+0.1121*I, length 2.2726e-04, result -8.2925e-07
0.001 s (L-BFGS 1) 0.028 s (L-BFGS 2) Hessian diagonal search: H+0.1936*I, length 4.2853e-04, result -1.1872e-07
0.001 s (L-BFGS 1) 0.027 s (L-BFGS 2) Hessian diagonal search: H+0.1370*I, length 2.0080e-04, result -8.3025e-07
0.001 s (L-BFGS 1) 0.026 s (L-BFGS 2) Hessian diagonal search: H+0.1684*I, length 8.4995e-05, result -3.5112e-07
0.001 s (L-BFGS 1) 0.026 s (L-BFGS 2) Hessian diagonal search: H+0.1472*I, length 2.0017e-04, result -8.4112e-07
0.000 s (L-BFGS 1) 0.028 s (L-BFGS 2) Hessian diagonal search: H+0.1592*I, length 2.0214e-04, result -8.4109e-07
0.000 s (L-BFGS 1) 0.020 s (L-BFGS 2) Hessian diagonal search: H+0.1512*I, length 8.8027e-08, result -1.2495e-09
0.000 s (L-BFGS 1) 0.018 s (L-BFGS 2) Hessian diagonal search: H+0.1557*I, length 2.0428e-04, result -8.3763e-07
0.000 s (L-BFGS 1) 0.021 s (L-BFGS 2) Hessian diagonal search: H+0.1527*I, length 1.9893e-04, result -8.4091e-07
0.001 s (L-BFGS 1) 0.020 s (L-BFGS 2) Hessian diagonal search: H+0.1544*I, length 2.0114e-04, result -8.4120e-07
0.000 s (L-BFGS 1) 0.020 s (L-BFGS 2) Hessian diagonal search: H+0.1549*I, length 2.0061e-04, result -8.3908e-07
0.000 s (L-BFGS 1) 0.021 s (L-BFGS 2) Hessian diagonal search: H+0.1541*I, length 2.0271e-04, result -8.3886e-07
0.000 s (L-BFGS 1) 0.023 s (L-BFGS 2) Hessian diagonal search: H+0.1546*I, length 8.8027e-08, result -1.2495e-09
0.001 s (L-BFGS 1) 0.021 s (L-BFGS 2) Hessian diagonal search: H+0.1543*I, length 1.9139e-04, result -8.3665e-07
0.000 s (L-BFGS 1) 0.023 s (L-BFGS 2) Hessian diagonal search: H+0.1545*I, length 1.9930e-04, result -8.4060e-07
0.001 s (L-BFGS 1) 0.017 s (L-BFGS 2) Hessian diagonal search: H+0.1544*I, length 8.8027e-08, result -1.2495e-09
0.001 s (L-BFGS 1) 0.022 s (L-BFGS 2) Optimization step found (length 2.0114e-04)
Convergence criterion reached in step size (1.00e-02)
#========================================================#
#| [92m               [0m[1mOptimization Converged[0m               [0m |#
#| [92m           Final objective function value           [0m |#
#| [92m  Full:  4.955755e-01  Un-penalized:  4.903367e-02  [0m |#
#========================================================#
#========================================================#
#| [94m           Final optimization parameters:           [0m |#
#========================================================#
   0 [ -8.1030e-02 ] : ProperTorsions/Proper/k1/[#1H0X1x0!r+0A:1]-;!@[#6H2X4x0!r+0A:2](-;!@[#1H0X1x0!r+0A])(-;!@[#35H0X1x0!r+0A])-;!@[#8H1X2x0!r+0A:3]-;!@[#1H0X1x0!r+0A:4]
   1 [  4.9579e-06 ] : ProperTorsions/Proper/k3/[#1H0X1x0!r+0A:1]-;!@[#6H2X4x0!r+0A:2](-;!@[#1H0X1x0!r+0A])(-;!@[#35H0X1x0!r+0A])-;!@[#8H1X2x0!r+0A:3]-;!@[#1H0X1x0!r+0A:4]
   2 [ -9.8489e-03 ] : ProperTorsions/Proper/k4/[#1H0X1x0!r+0A:1]-;!@[#6H2X4x0!r+0A:2](-;!@[#1H0X1x0!r+0A])(-;!@[#35H0X1x0!r+0A])-;!@[#8H1X2x0!r+0A:3]-;!@[#1H0X1x0!r+0A:4]
   3 [  8.6634e-07 ] : ProperTorsions/Proper/k2/[#1H0X1x0!r+0A:1]-;!@[#6H2X4x0!r+0A:2](-;!@[#1H0X1x0!r+0A])(-;!@[#35H0X1x0!r+0A])-;!@[#8H1X2x0!r+0A:3]-;!@[#1H0X1x0!r+0A:4]
   4 [ -6.3282e-07 ] : ProperTorsions/Proper/k1/[#35H0X1x0!r+0A:1]-;!@[#6H2X4x0!r+0A:2](-;!@[#1H0X1x0!r+0A])(-;!@[#1H0X1x0!r+0A])-;!@[#8H1X2x0!r+0A:3]-;!@[#1H0X1x0!r+0A:4]
   5 [ -3.5572e-01 ] : ProperTorsions/Proper/k3/[#35H0X1x0!r+0A:1]-;!@[#6H2X4x0!r+0A:2](-;!@[#1H0X1x0!r+0A])(-;!@[#1H0X1x0!r+0A])-;!@[#8H1X2x0!r+0A:3]-;!@[#1H0X1x0!r+0A:4]
   6 [  1.8244e-06 ] : ProperTorsions/Proper/k4/[#35H0X1x0!r+0A:1]-;!@[#6H2X4x0!r+0A:2](-;!@[#1H0X1x0!r+0A])(-;!@[#1H0X1x0!r+0A])-;!@[#8H1X2x0!r+0A:3]-;!@[#1H0X1x0!r+0A:4]
   7 [ -8.2594e-07 ] : ProperTorsions/Proper/k2/[#35H0X1x0!r+0A:1]-;!@[#6H2X4x0!r+0A:2](-;!@[#1H0X1x0!r+0A])(-;!@[#1H0X1x0!r+0A])-;!@[#8H1X2x0!r+0A:3]-;!@[#1H0X1x0!r+0A:4]
#========================================================#
#| [94m             Final physical parameters:             [0m |#
#========================================================#
   0 [  2.1241e-01 ] : ProperTorsions/Proper/k1/[#1H0X1x0!r+0A:1]-;!@[#6H2X4x0!r+0A:2](-;!@[#1H0X1x0!r+0A])(-;!@[#35H0X1x0!r+0A])-;!@[#8H1X2x0!r+0A:3]-;!@[#1H0X1x0!r+0A:4]
   1 [  3.0747e-05 ] : ProperTorsions/Proper/k3/[#1H0X1x0!r+0A:1]-;!@[#6H2X4x0!r+0A:2](-;!@[#1H0X1x0!r+0A])(-;!@[#35H0X1x0!r+0A])-;!@[#8H1X2x0!r+0A:3]-;!@[#1H0X1x0!r+0A:4]
   2 [ -5.9092e-02 ] : ProperTorsions/Proper/k4/[#1H0X1x0!r+0A:1]-;!@[#6H2X4x0!r+0A:2](-;!@[#1H0X1x0!r+0A])(-;!@[#35H0X1x0!r+0A])-;!@[#8H1X2x0!r+0A:3]-;!@[#1H0X1x0!r+0A:4]
   3 [  6.1980e-06 ] : ProperTorsions/Proper/k2/[#1H0X1x0!r+0A:1]-;!@[#6H2X4x0!r+0A:2](-;!@[#1H0X1x0!r+0A])(-;!@[#35H0X1x0!r+0A])-;!@[#8H1X2x0!r+0A:3]-;!@[#1H0X1x0!r+0A:4]
   4 [  6.9859e-01 ] : ProperTorsions/Proper/k1/[#35H0X1x0!r+0A:1]-;!@[#6H2X4x0!r+0A:2](-;!@[#1H0X1x0!r+0A])(-;!@[#1H0X1x0!r+0A])-;!@[#8H1X2x0!r+0A:3]-;!@[#1H0X1x0!r+0A:4]
   5 [ -2.1343e+00 ] : ProperTorsions/Proper/k3/[#35H0X1x0!r+0A:1]-;!@[#6H2X4x0!r+0A:2](-;!@[#1H0X1x0!r+0A])(-;!@[#1H0X1x0!r+0A])-;!@[#8H1X2x0!r+0A:3]-;!@[#1H0X1x0!r+0A:4]
   6 [  1.1946e-05 ] : ProperTorsions/Proper/k4/[#35H0X1x0!r+0A:1]-;!@[#6H2X4x0!r+0A:2](-;!@[#1H0X1x0!r+0A])(-;!@[#1H0X1x0!r+0A])-;!@[#8H1X2x0!r+0A:3]-;!@[#1H0X1x0!r+0A:4]
   7 [ -3.9556e-06 ] : ProperTorsions/Proper/k2/[#35H0X1x0!r+0A:1]-;!@[#6H2X4x0!r+0A:2](-;!@[#1H0X1x0!r+0A])(-;!@[#1H0X1x0!r+0A])-;!@[#8H1X2x0!r+0A:3]-;!@[#1H0X1x0!r+0A:4]
----------------------------------------------------------
Backing up result/optimize/force-field.offxml -> result/optimize/force-field_2.offxml
#========================================================================#
#|  The force field has been written to the result/optimize directory.  |#
#|    Input file with optimization parameters saved to optimize.sav.    |#
#========================================================================#
Wall time since calculation start: 42.3 seconds
#========================================================#
#| [1;44;93m               Calculation Finished.                [0m |#
#| [1;44;93m     ---==(  May the Force be with you!  )==---     [0m |#
#========================================================#
