Note: Failed to import the optional openff.evaluator package. 
Note: Failed to import the optional openff.recharge package.
#======================================================================#
#| [1m            Welcome to ForceBalance version 1.8.1! =D             [0m |#
#| [1m                 Force Field Optimization System                  [0m |#
#| [1m                                                                  [0m |#
#| [1m                             Authors:                             [0m |#
#| [1m                          Lee-Ping Wang                           [0m |#
#| [1m                  Yudong Qiu, Keri A. McKiernan                   [0m |#
#| [1m          Jeffrey R. Wagner, Hyesu Jang, Simon Boothroyd          [0m |#
#| [1m          Arthur Vigil, Erik G. Brandt, John Stoppelman           [0m |#
#| [1m                  Johnny Israeli, Matt Thompson                   [0m |#
#======================================================================#

                          [44m     [0m                                        
                       [44m        [0m      [43m     [0m                              
                    [44m        [0m   [44m  [0m    [43m         [0m                          
                 [44m       [0m    [44m      [0m      [43m         [0m                       
             [44m        [0m    [44m        [0m          [43m         [0m                    
          [44m        [0m    [44m        [0m                 [43m        [0m                 
       [44m        [0m    [44m       [0m                        [43m        [0m              
    [44m        [0m   [44m        [0m                              [43m         [0m          
   [44m      [0m   [44m        [0m               `.:+@@###@'          [43m         [0m       
    [44m [0m    [44m        [0m          ,;'+###############.             [43m     [0m       
      [44m        [0m         +################':`                    [43m [0m        
      [44m     [0m              `.,,...####+.                                  
                                ,#####      +##.               [44m   [0m   [44m   [0m
 [43m    [0m                            #####      ######             [44m   [0m   [44m   [0m
 [43m    [0m                ###'        ####'     :#####'             [44m   [0m   [44m   [0m
 [43m    [0m                :####@      ####.    ,####'               [44m   [0m   [44m   [0m
 [43m    [0m                 ######     ####    +###+                 [44m   [0m   [44m   [0m
 [43m    [0m                  #####     ####   ###;                   [44m   [0m   [44m   [0m
 [43m    [0m                   :##      ####  ++`                     [44m   [0m   [44m   [0m
 [43m    [0m                            ####``..:;+##############+`   [44m   [0m   [44m   [0m
 [43m    [0m             .,:;;'++##################################`  [44m   [0m   [44m   [0m
 [43m    [0m    `############################++++''';;;;;;;;;;;'';    [44m   [0m   [44m   [0m
 [43m    [0m      ,########':,.``       ####                          [44m   [0m   [44m   [0m
 [43m    [0m                            ####                          [44m   [0m   [44m   [0m
 [43m    [0m                            ####                          [44m   [0m   [44m   [0m
 [43m    [0m                            ####                          [44m   [0m   [44m   [0m
 [43m    [0m                            ####                          [44m   [0m   [44m   [0m
 [43m    [0m                            ####                          [44m   [0m   [44m   [0m
 [43m    [0m                            ####                          [44m   [0m   [44m   [0m
 [43m    [0m                            ####                          [44m   [0m   [44m   [0m
      [44m    [0m                       ####                                   
     [44m        [0m                    ####                                   
    [44m [0m    [44m       [0m                 ####                       [43m     [0m       
   [44m     [0m    [44m        [0m             ####                    [43m        [0m       
   [44m        [0m    [44m        [0m          ###                  [43m         [0m         
      [44m        [0m    [44m        [0m        +`               [43m        [0m             
          [44m        [0m   [44m        [0m                   [43m        [0m                
             [44m        [0m   [44m         [0m           [43m         [0m                   
                [44m        [0m    [44m       [0m      [43m         [0m                      
                   [44m        [0m    [44m   [0m    [43m        [0m                          
                      [44m        [0m       [43m      [0m                             
                          [44m      [0m      [43m  [0m                                
                             [44m  [0m                                         

Reading options from file: optimize.in
#========================================================#
#| [95m  Options at their default values are not printed   [0m |#
#| [95m        Use 'verbose_options True' to Enable        [0m |#
#========================================================#
Reading force field from file: force-field.offxml
#=========================================================#
#| [92m Starting parameter indices, physical values and IDs [0m |#
#=========================================================#
   0 [  1.0000e-06 ] : ProperTorsions/Proper/k3/[#1H0X1x0!r+0A:1]-;!@[#6H2X4x0!r+0A:2](-;!@[#1H0X1x0!r+0A])(-;!@[#35H0X1x0!r+0A])-;!@[#8H1X2x0!r+0A:3]-;!@[#1H0X1x0!r+0A:4]
   1 [  6.9859e-01 ] : ProperTorsions/Proper/k1/[#1H0X1x0!r+0A:1]-;!@[#6H2X4x0!r+0A:2](-;!@[#1H0X1x0!r+0A])(-;!@[#35H0X1x0!r+0A])-;!@[#8H1X2x0!r+0A:3]-;!@[#1H0X1x0!r+0A:4]
   2 [  1.0000e-06 ] : ProperTorsions/Proper/k2/[#1H0X1x0!r+0A:1]-;!@[#6H2X4x0!r+0A:2](-;!@[#1H0X1x0!r+0A])(-;!@[#35H0X1x0!r+0A])-;!@[#8H1X2x0!r+0A:3]-;!@[#1H0X1x0!r+0A:4]
   3 [  1.0000e-06 ] : ProperTorsions/Proper/k4/[#1H0X1x0!r+0A:1]-;!@[#6H2X4x0!r+0A:2](-;!@[#1H0X1x0!r+0A])(-;!@[#35H0X1x0!r+0A])-;!@[#8H1X2x0!r+0A:3]-;!@[#1H0X1x0!r+0A:4]
   4 [  1.0000e-06 ] : ProperTorsions/Proper/k3/[#35H0X1x0!r+0A:1]-;!@[#6H2X4x0!r+0A:2](-;!@[#1H0X1x0!r+0A])(-;!@[#1H0X1x0!r+0A])-;!@[#8H1X2x0!r+0A:3]-;!@[#1H0X1x0!r+0A:4]
   5 [  6.9859e-01 ] : ProperTorsions/Proper/k1/[#35H0X1x0!r+0A:1]-;!@[#6H2X4x0!r+0A:2](-;!@[#1H0X1x0!r+0A])(-;!@[#1H0X1x0!r+0A])-;!@[#8H1X2x0!r+0A:3]-;!@[#1H0X1x0!r+0A:4]
   6 [  1.0000e-06 ] : ProperTorsions/Proper/k2/[#35H0X1x0!r+0A:1]-;!@[#6H2X4x0!r+0A:2](-;!@[#1H0X1x0!r+0A])(-;!@[#1H0X1x0!r+0A])-;!@[#8H1X2x0!r+0A:3]-;!@[#1H0X1x0!r+0A:4]
   7 [  1.0000e-06 ] : ProperTorsions/Proper/k4/[#35H0X1x0!r+0A:1]-;!@[#6H2X4x0!r+0A:2](-;!@[#1H0X1x0!r+0A])(-;!@[#1H0X1x0!r+0A])-;!@[#8H1X2x0!r+0A:3]-;!@[#1H0X1x0!r+0A:4]
-----------------------------------------------------------
#=========================================================#
#| [91m Rescaling Factors by Type (Lower Takes Precedence): [0m |#
#=========================================================#
   ProperTorsions/Proper/k3             : 1.00000e-06
   ProperTorsions/Proper/k1             : 6.98594e-01
   ProperTorsions/Proper/k2             : 1.00000e-06
   ProperTorsions/Proper/k4             : 1.00000e-06
   ProperTorsions/Proper/k              : 6.00000e+00
-----------------------------------------------------------
#========================================================#
#| [91m   Rescaling Types / Factors by Parameter Number:   [0m |#
#========================================================#
   0 [    ProperTorsions/Proper/k       : 6.00000e+00 ] : ProperTorsions/Proper/k3/[#1H0X1x0!r+0A:1]-;!@[#6H2X4x0!r+0A:2](-;!@[#1H0X1x0!r+0A])(-;!@[#35H0X1x0!r+0A])-;!@[#8H1X2x0!r+0A:3]-;!@[#1H0X1x0!r+0A:4]
   1 [    ProperTorsions/Proper/k       : 6.00000e+00 ] : ProperTorsions/Proper/k1/[#1H0X1x0!r+0A:1]-;!@[#6H2X4x0!r+0A:2](-;!@[#1H0X1x0!r+0A])(-;!@[#35H0X1x0!r+0A])-;!@[#8H1X2x0!r+0A:3]-;!@[#1H0X1x0!r+0A:4]
   2 [    ProperTorsions/Proper/k       : 6.00000e+00 ] : ProperTorsions/Proper/k2/[#1H0X1x0!r+0A:1]-;!@[#6H2X4x0!r+0A:2](-;!@[#1H0X1x0!r+0A])(-;!@[#35H0X1x0!r+0A])-;!@[#8H1X2x0!r+0A:3]-;!@[#1H0X1x0!r+0A:4]
   3 [    ProperTorsions/Proper/k       : 6.00000e+00 ] : ProperTorsions/Proper/k4/[#1H0X1x0!r+0A:1]-;!@[#6H2X4x0!r+0A:2](-;!@[#1H0X1x0!r+0A])(-;!@[#35H0X1x0!r+0A])-;!@[#8H1X2x0!r+0A:3]-;!@[#1H0X1x0!r+0A:4]
   4 [    ProperTorsions/Proper/k       : 6.00000e+00 ] : ProperTorsions/Proper/k3/[#35H0X1x0!r+0A:1]-;!@[#6H2X4x0!r+0A:2](-;!@[#1H0X1x0!r+0A])(-;!@[#1H0X1x0!r+0A])-;!@[#8H1X2x0!r+0A:3]-;!@[#1H0X1x0!r+0A:4]
   5 [    ProperTorsions/Proper/k       : 6.00000e+00 ] : ProperTorsions/Proper/k1/[#35H0X1x0!r+0A:1]-;!@[#6H2X4x0!r+0A:2](-;!@[#1H0X1x0!r+0A])(-;!@[#1H0X1x0!r+0A])-;!@[#8H1X2x0!r+0A:3]-;!@[#1H0X1x0!r+0A:4]
   6 [    ProperTorsions/Proper/k       : 6.00000e+00 ] : ProperTorsions/Proper/k2/[#35H0X1x0!r+0A:1]-;!@[#6H2X4x0!r+0A:2](-;!@[#1H0X1x0!r+0A])(-;!@[#1H0X1x0!r+0A])-;!@[#8H1X2x0!r+0A:3]-;!@[#1H0X1x0!r+0A:4]
   7 [    ProperTorsions/Proper/k       : 6.00000e+00 ] : ProperTorsions/Proper/k4/[#35H0X1x0!r+0A:1]-;!@[#6H2X4x0!r+0A:2](-;!@[#1H0X1x0!r+0A])(-;!@[#1H0X1x0!r+0A])-;!@[#8H1X2x0!r+0A:3]-;!@[#1H0X1x0!r+0A:4]
----------------------------------------------------------
#========================================================#
#| [92m               Setup for force field                [0m |#
#========================================================#
fnms                      ['force-field.offxml'] 
priors                    OrderedDict([('ProperTorsions/Proper/k', 6.0)]) 
----------------------------------------------------------
Referencing all energies to the snapshot 15 (minimum energy structure in QM)
#========================================================#
#| [92m            Setup for target torsion-1 :            [0m |#
#========================================================#
mol2                      ['input.sdf'] 
precision                 double 
platname                  Reference 
name                      torsion-1 
type                      TORSIONPROFILE_SMIRNOFF 
h                         0.01 
tgtdir                    targets/torsion-1 
writelevel                2 
attenuate                 True 
energy_upper              10.0 
----------------------------------------------------------
#========================================================#
#| [92m        SMIRNOFF Parameter Coverage Analysis        [0m |#
#========================================================#
Force field assignment data written to /Users/joshuahorton/Documents/Projects/2021-bespokefit-workshop/xtb_BrCO/smirnoff_parameter_assignments.json
 idx Parameter                                                                                                   Count
----------------------------------------------------------------------------------------------------------------------
   0 ProperTorsions/Proper/k3/[#1H0X1x0!r+0A:1]-;!@[#6H2X4x0!r+0A:2](-;!@[#1H0X1x0!r+0A])(-;!@[#35H0X1x0!r+0A])-;!@[#8H1X2x0!r+0A:3]-;!@[#1H0X1x0!r+0A:4] :          2
   1 ProperTorsions/Proper/k1/[#1H0X1x0!r+0A:1]-;!@[#6H2X4x0!r+0A:2](-;!@[#1H0X1x0!r+0A])(-;!@[#35H0X1x0!r+0A])-;!@[#8H1X2x0!r+0A:3]-;!@[#1H0X1x0!r+0A:4] :          2
   2 ProperTorsions/Proper/k2/[#1H0X1x0!r+0A:1]-;!@[#6H2X4x0!r+0A:2](-;!@[#1H0X1x0!r+0A])(-;!@[#35H0X1x0!r+0A])-;!@[#8H1X2x0!r+0A:3]-;!@[#1H0X1x0!r+0A:4] :          2
   3 ProperTorsions/Proper/k4/[#1H0X1x0!r+0A:1]-;!@[#6H2X4x0!r+0A:2](-;!@[#1H0X1x0!r+0A])(-;!@[#35H0X1x0!r+0A])-;!@[#8H1X2x0!r+0A:3]-;!@[#1H0X1x0!r+0A:4] :          2
   4 ProperTorsions/Proper/k3/[#35H0X1x0!r+0A:1]-;!@[#6H2X4x0!r+0A:2](-;!@[#1H0X1x0!r+0A])(-;!@[#1H0X1x0!r+0A])-;!@[#8H1X2x0!r+0A:3]-;!@[#1H0X1x0!r+0A:4] :          1
   5 ProperTorsions/Proper/k1/[#35H0X1x0!r+0A:1]-;!@[#6H2X4x0!r+0A:2](-;!@[#1H0X1x0!r+0A])(-;!@[#1H0X1x0!r+0A])-;!@[#8H1X2x0!r+0A:3]-;!@[#1H0X1x0!r+0A:4] :          1
   6 ProperTorsions/Proper/k2/[#35H0X1x0!r+0A:1]-;!@[#6H2X4x0!r+0A:2](-;!@[#1H0X1x0!r+0A])(-;!@[#1H0X1x0!r+0A])-;!@[#8H1X2x0!r+0A:3]-;!@[#1H0X1x0!r+0A:4] :          1
   7 ProperTorsions/Proper/k4/[#35H0X1x0!r+0A:1]-;!@[#6H2X4x0!r+0A:2](-;!@[#1H0X1x0!r+0A])(-;!@[#1H0X1x0!r+0A])-;!@[#8H1X2x0!r+0A:3]-;!@[#1H0X1x0!r+0A:4] :          1
SNIRNOFF Parameter Coverage Analysis result: 8/8 parameters are covered.
----------------------------------------------------------------------------------------------------------------------
L1 norm uses the hyperbolic penalty, make sure penalty_hyperbolic_b is set sufficiently small
#========================================================#
#| [92m           Setup for objective function :           [0m |#
#========================================================#
penalty_type              L1 
penalty_additive          1.0 
normalize_weights         False 
----------------------------------------------------------
#========================================================#
#| [92m                Setup for optimizer                 [0m |#
#========================================================#
jobtype                   OPTIMIZE 
trust0                    -0.25 
mintrust                  0.05 
eps                       0.01 
h                         0.01 
h0                        0.01 
convergence_objective     0.01 
convergence_step          0.01 
convergence_gradient      0.01 
maxstep                   10 
adapt_fac                 0.2 
adapt_damp                1.0 
err_tol                   1.0 
input_file                optimize.in 
criteria                  2 
----------------------------------------------------------
Calculation started at 2021-09-07 03:55 PM
#========================================================#
#| [1m                  Main Optimizer                    [0m |#
#| [1m  Newton-Raphson Method (Hessian Diagonal Search)   [0m |#
#| [1m                                                    [0m |#
#| [1m       [0mConvergence criteria (2 of 3 needed):        [0m |#
#| [1m          [0mObjective Function  : 1.000e-02           [0m |#
#| [1m          [0mNorm of Gradient    : 1.000e-02           [0m |#
#| [1m          [0mParameter step size : 1.000e-02           [0m |#
#========================================================#
#========================================================#
#|       Color Key for Objective Function -=X2=-        |#
#|  [1mBold[0m = Initial step                                 |#
#|  [92mGreen = Current lowest value of objective function[0m  |#
#|  [91mRed = Objective function rises, step rejected[0m       |#
#|  [0mNo color = Not at the lowest value                  |#
#========================================================#
#========================================================#
#| [94m     Iteration 0: Evaluating objective function     [0m |#
#| [94m        and derivatives through second order        [0m |#
#========================================================#

#==================================================================================================================================================#
#| [92m                               Torsion Profile: torsion-1, Objective =  2.77436e+00, Units = kcal/mol, Angstrom                               [0m |#
#| [92m System                                             Min(QM)    Min(MM)      Range(QM)          Range(MM)    Max-RMSD   Ene-RMSE    Obj-Fn     [0m |#
#==================================================================================================================================================#
torsion-1                                                  60        -45     0.000 - 5.237    -0.163 - 5.365      0.040     1.6656    2.7744 
----------------------------------------------------------------------------------------------------------------------------------------------------
#====================================================================#
#| [94m                  Objective Function Breakdown                  [0m |#
#| [94m  Target Name              Residual  x  Weight  =  Contribution [0m |#
#====================================================================#
torsion-1                      2.77436      1.000 [94m     2.77436e+00[0m 
Regularization                 0.00000      1.000 [94m     0.00000e+00[0m 
Total                                             [94m     2.77436e+00[0m 
----------------------------------------------------------------------

  Step       |k|        |dk|       |grad|       -=X2=-     Delta(X2)    StepQual
     0   0.000e+00   0.000e+00   2.444e+01[1m   2.77436e+00[0m   0.000e+00      0.000

#========================================================#
#| [94m                   Total Gradient                   [0m |#
#========================================================#
   0 [ -1.03135965e+01 ] : ProperTorsions/Proper/k3/[#1H0X1x0!r+0A:1]-;!@[#6H2X4x0!r+0A:2](-;!@[#1H0X1x0!r+0A])(-;!@[#35H0X1x0!r+0A])-;!@[#8H1X2x0!r+0A:3]-;!@[#1H0X1x0!r+0A:4]
   1 [  1.26254181e+01 ] : ProperTorsions/Proper/k1/[#1H0X1x0!r+0A:1]-;!@[#6H2X4x0!r+0A:2](-;!@[#1H0X1x0!r+0A])(-;!@[#35H0X1x0!r+0A])-;!@[#8H1X2x0!r+0A:3]-;!@[#1H0X1x0!r+0A:4]
   2 [  3.30473436e+00 ] : ProperTorsions/Proper/k2/[#1H0X1x0!r+0A:1]-;!@[#6H2X4x0!r+0A:2](-;!@[#1H0X1x0!r+0A])(-;!@[#35H0X1x0!r+0A])-;!@[#8H1X2x0!r+0A:3]-;!@[#1H0X1x0!r+0A:4]
   3 [  9.18113463e+00 ] : ProperTorsions/Proper/k4/[#1H0X1x0!r+0A:1]-;!@[#6H2X4x0!r+0A:2](-;!@[#1H0X1x0!r+0A])(-;!@[#35H0X1x0!r+0A])-;!@[#8H1X2x0!r+0A:3]-;!@[#1H0X1x0!r+0A:4]
   4 [  1.08988285e+01 ] : ProperTorsions/Proper/k3/[#35H0X1x0!r+0A:1]-;!@[#6H2X4x0!r+0A:2](-;!@[#1H0X1x0!r+0A])(-;!@[#1H0X1x0!r+0A])-;!@[#8H1X2x0!r+0A:3]-;!@[#1H0X1x0!r+0A:4]
   5 [  6.88061386e+00 ] : ProperTorsions/Proper/k1/[#35H0X1x0!r+0A:1]-;!@[#6H2X4x0!r+0A:2](-;!@[#1H0X1x0!r+0A])(-;!@[#1H0X1x0!r+0A])-;!@[#8H1X2x0!r+0A:3]-;!@[#1H0X1x0!r+0A:4]
   6 [ -3.49850150e+00 ] : ProperTorsions/Proper/k2/[#35H0X1x0!r+0A:1]-;!@[#6H2X4x0!r+0A:2](-;!@[#1H0X1x0!r+0A])(-;!@[#1H0X1x0!r+0A])-;!@[#8H1X2x0!r+0A:3]-;!@[#1H0X1x0!r+0A:4]
   7 [ -7.60241493e+00 ] : ProperTorsions/Proper/k4/[#35H0X1x0!r+0A:1]-;!@[#6H2X4x0!r+0A:2](-;!@[#1H0X1x0!r+0A])(-;!@[#1H0X1x0!r+0A])-;!@[#8H1X2x0!r+0A:3]-;!@[#1H0X1x0!r+0A:4]
----------------------------------------------------------
Calculating nonlinear optimization step
Hessian has a small or negative eigenvalue (4.8e-08), mixing in some steepest descent (1.0e-02) to correct this.
Eigenvalues are:
 4.8e-08  1.7e-02  9.8e-02  2.0e-01  3.8e+01  4.6e+01  9.6e+01  4.6e+02 
0.009 s (L-BFGS 1) 0.008 s (L-BFGS 2) 0.008 s (L-BFGS 1) 0.007 s (L-BFGS 2) Finding trust radius: H+0.0000*I, length 2.7105e-01 (target 2.5000e-01)
0.006 s (L-BFGS 1) 0.006 s (L-BFGS 2) Finding trust radius: H+9.0000*I, length 2.3159e-01 (target 2.5000e-01)
0.003 s (L-BFGS 1) 0.003 s (L-BFGS 2) Finding trust radius: H+61.6869*I, length 1.2953e-01 (target 2.5000e-01)
0.006 s (L-BFGS 1) 0.006 s (L-BFGS 2) Finding trust radius: H+9.0000*I, length 2.3159e-01 (target 2.5000e-01)
0.005 s (L-BFGS 1) 0.004 s (L-BFGS 2) Finding trust radius: H+23.5623*I, length 1.8802e-01 (target 2.5000e-01)
0.008 s (L-BFGS 1) 0.008 s (L-BFGS 2) Finding trust radius: H+3.4377*I, length 2.5424e-01 (target 2.5000e-01)
0.007 s (L-BFGS 1) 0.007 s (L-BFGS 2) Finding trust radius: H+4.6915*I, length 2.4873e-01 (target 2.5000e-01)
0.012 s (L-BFGS 1) 0.012 s (L-BFGS 2) Finding trust radius: H+4.3098*I, length 2.5036e-01 (target 2.5000e-01)
0.010 s (L-BFGS 1) 0.010 s (L-BFGS 2) Finding trust radius: H+4.3874*I, length 2.5022e-01 (target 2.5000e-01)
0.009 s (L-BFGS 1) 0.009 s (L-BFGS 2) Finding trust radius: H+4.3789*I, length 2.5008e-01 (target 2.5000e-01)
0.008 s (L-BFGS 1) 0.008 s (L-BFGS 2) Finding trust radius: H+4.3541*I, length 2.5019e-01 (target 2.5000e-01)
0.007 s (L-BFGS 1) 0.007 s (L-BFGS 2) Finding trust radius: H+4.3694*I, length 2.5012e-01 (target 2.5000e-01)
0.007 s (L-BFGS 1) 0.007 s (L-BFGS 2) Finding trust radius: H+4.3753*I, length 2.5010e-01 (target 2.5000e-01)
0.012 s (L-BFGS 1) 0.012 s (L-BFGS 2) Finding trust radius: H+4.3821*I, length 2.5009e-01 (target 2.5000e-01)
0.011 s (L-BFGS 1) 0.011 s (L-BFGS 2) Finding trust radius: H+4.3776*I, length 2.5008e-01 (target 2.5000e-01)
0.009 s (L-BFGS 1) 0.009 s (L-BFGS 2) Finding trust radius: H+4.3802*I, length 2.5008e-01 (target 2.5000e-01)
0.009 s (L-BFGS 1) 0.009 s (L-BFGS 2) Starting Hessian diagonal search with step size 2.5008e-01
0.009 s (L-BFGS 1) 0.009 s (L-BFGS 2) Hessian diagonal search: H+4.3802*I, length 2.5008e-01, result -2.2641e+00
0.001 s (L-BFGS 1) 0.001 s (L-BFGS 2) Hessian diagonal search: H+129.3120*I, length 8.5518e-02, result -1.3141e+00
0.001 s (L-BFGS 1) 0.001 s (L-BFGS 2) Hessian diagonal search: H+166.9341*I, length 7.2427e-02, result -1.1626e+00
0.009 s (L-BFGS 1) 0.009 s (L-BFGS 2) Hessian diagonal search: H+4.3802*I, length 2.5008e-01, result -2.2641e+00
0.006 s (L-BFGS 1) 0.006 s (L-BFGS 2) Hessian diagonal search: H+13.2615*I, length 2.1694e-01, result -2.1988e+00
0.003 s (L-BFGS 1) 0.003 s (L-BFGS 2) Hessian diagonal search: H+31.7760*I, length 1.7078e-01, result -2.0085e+00
0.013 s (L-BFGS 1) 0.014 s (L-BFGS 2) Hessian diagonal search: H+0.0201*I, length 3.0540e-01, result -2.2771e+00
0.007 s (L-BFGS 1) 0.007 s (L-BFGS 2) Hessian diagonal search: H+0.1472*I, length 2.7028e-01, result -2.2749e+00
0.007 s (L-BFGS 1) 0.006 s (L-BFGS 2) Hessian diagonal search: H+2.1864*I, length 2.6005e-01, result -2.2721e+00
0.014 s (L-BFGS 1) 0.014 s (L-BFGS 2) Hessian diagonal search: H+0.1365*I, length 2.7695e-01, result -2.2758e+00
0.016 s (L-BFGS 1) 0.016 s (L-BFGS 2) Hessian diagonal search: H+0.0019*I, length 3.2451e-01, result -2.2776e+00
0.008 s (L-BFGS 1) 0.007 s (L-BFGS 2) Hessian diagonal search: H+0.0144*I, length 2.7097e-01, result -2.2749e+00
0.008 s (L-BFGS 1) 0.008 s (L-BFGS 2) Hessian diagonal search: H+0.0004*I, length 2.7103e-01, result -2.2749e+00
0.017 s (L-BFGS 1) 0.017 s (L-BFGS 2) Hessian diagonal search: H+0.0065*I, length 3.1833e-01, result -2.2774e+00
0.008 s (L-BFGS 1) 0.009 s (L-BFGS 2) Hessian diagonal search: H+0.0004*I, length 2.7104e-01, result -2.2749e+00
0.008 s (L-BFGS 1) 0.008 s (L-BFGS 2) Hessian diagonal search: H+0.0033*I, length 2.7103e-01, result -2.2749e+00
0.015 s (L-BFGS 1) 0.015 s (L-BFGS 2) Hessian diagonal search: H+0.0012*I, length 3.2551e-01, result -2.2776e+00
0.023 s (L-BFGS 1) 0.022 s (L-BFGS 2) Hessian diagonal search: H+0.0008*I, length 2.9248e-01, result -2.2766e+00
0.016 s (L-BFGS 1) 0.016 s (L-BFGS 2) Hessian diagonal search: H+0.0014*I, length 3.2516e-01, result -2.2776e+00
0.016 s (L-BFGS 1) 0.015 s (L-BFGS 2) Hessian diagonal search: H+0.0010*I, length 3.2576e-01, result -2.2776e+00
0.024 s (L-BFGS 1) 0.024 s (L-BFGS 2) Hessian diagonal search: H+0.0009*I, length 3.2253e-01, result -2.2775e+00
0.016 s (L-BFGS 1) 0.016 s (L-BFGS 2) Hessian diagonal search: H+0.0011*I, length 3.2564e-01, result -2.2776e+00
0.018 s (L-BFGS 1) 0.017 s (L-BFGS 2) Hessian diagonal search: H+0.0010*I, length 3.2578e-01, result -2.2776e+00
0.014 s (L-BFGS 1) 0.013 s (L-BFGS 2) Hessian diagonal search: H+0.0010*I, length 3.2574e-01, result -2.2776e+00
0.016 s (L-BFGS 1) 0.016 s (L-BFGS 2) Hessian diagonal search: H+0.0010*I, length 3.2553e-01, result -2.2776e+00
0.017 s (L-BFGS 1) 0.018 s (L-BFGS 2) Hessian diagonal search: H+0.0010*I, length 3.2574e-01, result -2.2776e+00
0.018 s (L-BFGS 1) 0.018 s (L-BFGS 2) Hessian diagonal search: H+0.0010*I, length 3.2572e-01, result -2.2776e+00
0.018 s (L-BFGS 1) 0.017 s (L-BFGS 2) Optimization step found (length 3.2576e-01)
#========================================================#
#| [95m  Mathematical Parameters (Current + Step = Next)   [0m |#
#========================================================#
   0 [  0.0000e+00 + 4.5689e-02 =  4.5689e-02 ] : ProperTorsions/Proper/k3/[#1H0X1x0!r+0A:1]-;!@[#6H2X4x0!r+0A:2](-;!@[#1H0X1x0!r+0A])(-;!@[#35H0X1x0!r+0A])-;!@[#8H1X2x0!r+0A:3]-;!@[#1H0X1x0!r+0A:4]
   1 [  0.0000e+00 - 8.1083e-02 = -8.1083e-02 ] : ProperTorsions/Proper/k1/[#1H0X1x0!r+0A:1]-;!@[#6H2X4x0!r+0A:2](-;!@[#1H0X1x0!r+0A])(-;!@[#35H0X1x0!r+0A])-;!@[#8H1X2x0!r+0A:3]-;!@[#1H0X1x0!r+0A:4]
   2 [  0.0000e+00 + 8.0185e-07 =  8.0185e-07 ] : ProperTorsions/Proper/k2/[#1H0X1x0!r+0A:1]-;!@[#6H2X4x0!r+0A:2](-;!@[#1H0X1x0!r+0A])(-;!@[#35H0X1x0!r+0A])-;!@[#8H1X2x0!r+0A:3]-;!@[#1H0X1x0!r+0A:4]
   3 [  0.0000e+00 - 1.1549e-02 = -1.1549e-02 ] : ProperTorsions/Proper/k4/[#1H0X1x0!r+0A:1]-;!@[#6H2X4x0!r+0A:2](-;!@[#1H0X1x0!r+0A])(-;!@[#35H0X1x0!r+0A])-;!@[#8H1X2x0!r+0A:3]-;!@[#1H0X1x0!r+0A:4]
   4 [  0.0000e+00 - 3.1197e-01 = -3.1197e-01 ] : ProperTorsions/Proper/k3/[#35H0X1x0!r+0A:1]-;!@[#6H2X4x0!r+0A:2](-;!@[#1H0X1x0!r+0A])(-;!@[#1H0X1x0!r+0A])-;!@[#8H1X2x0!r+0A:3]-;!@[#1H0X1x0!r+0A:4]
   5 [  0.0000e+00 - 7.0909e-07 = -7.0909e-07 ] : ProperTorsions/Proper/k1/[#35H0X1x0!r+0A:1]-;!@[#6H2X4x0!r+0A:2](-;!@[#1H0X1x0!r+0A])(-;!@[#1H0X1x0!r+0A])-;!@[#8H1X2x0!r+0A:3]-;!@[#1H0X1x0!r+0A:4]
   6 [  0.0000e+00 - 7.1342e-07 = -7.1342e-07 ] : ProperTorsions/Proper/k2/[#35H0X1x0!r+0A:1]-;!@[#6H2X4x0!r+0A:2](-;!@[#1H0X1x0!r+0A])(-;!@[#1H0X1x0!r+0A])-;!@[#8H1X2x0!r+0A:3]-;!@[#1H0X1x0!r+0A:4]
   7 [  0.0000e+00 + 1.9691e-06 =  1.9691e-06 ] : ProperTorsions/Proper/k4/[#35H0X1x0!r+0A:1]-;!@[#6H2X4x0!r+0A:2](-;!@[#1H0X1x0!r+0A])(-;!@[#1H0X1x0!r+0A])-;!@[#8H1X2x0!r+0A:3]-;!@[#1H0X1x0!r+0A:4]
----------------------------------------------------------
#========================================================#
#| [95m    Physical Parameters (Current + Step = Next)     [0m |#
#========================================================#
   0 [  1.0000e-06 + 2.7413e-01 =  2.7413e-01 ] : ProperTorsions/Proper/k3/[#1H0X1x0!r+0A:1]-;!@[#6H2X4x0!r+0A:2](-;!@[#1H0X1x0!r+0A])(-;!@[#35H0X1x0!r+0A])-;!@[#8H1X2x0!r+0A:3]-;!@[#1H0X1x0!r+0A:4]
   1 [  6.9859e-01 - 4.8650e-01 =  2.1210e-01 ] : ProperTorsions/Proper/k1/[#1H0X1x0!r+0A:1]-;!@[#6H2X4x0!r+0A:2](-;!@[#1H0X1x0!r+0A])(-;!@[#35H0X1x0!r+0A])-;!@[#8H1X2x0!r+0A:3]-;!@[#1H0X1x0!r+0A:4]
   2 [  1.0000e-06 + 4.8111e-06 =  5.8111e-06 ] : ProperTorsions/Proper/k2/[#1H0X1x0!r+0A:1]-;!@[#6H2X4x0!r+0A:2](-;!@[#1H0X1x0!r+0A])(-;!@[#35H0X1x0!r+0A])-;!@[#8H1X2x0!r+0A:3]-;!@[#1H0X1x0!r+0A:4]
   3 [  1.0000e-06 - 6.9292e-02 = -6.9291e-02 ] : ProperTorsions/Proper/k4/[#1H0X1x0!r+0A:1]-;!@[#6H2X4x0!r+0A:2](-;!@[#1H0X1x0!r+0A])(-;!@[#35H0X1x0!r+0A])-;!@[#8H1X2x0!r+0A:3]-;!@[#1H0X1x0!r+0A:4]
   4 [  1.0000e-06 - 1.8718e+00 = -1.8718e+00 ] : ProperTorsions/Proper/k3/[#35H0X1x0!r+0A:1]-;!@[#6H2X4x0!r+0A:2](-;!@[#1H0X1x0!r+0A])(-;!@[#1H0X1x0!r+0A])-;!@[#8H1X2x0!r+0A:3]-;!@[#1H0X1x0!r+0A:4]
   5 [  6.9859e-01 - 4.2546e-06 =  6.9859e-01 ] : ProperTorsions/Proper/k1/[#35H0X1x0!r+0A:1]-;!@[#6H2X4x0!r+0A:2](-;!@[#1H0X1x0!r+0A])(-;!@[#1H0X1x0!r+0A])-;!@[#8H1X2x0!r+0A:3]-;!@[#1H0X1x0!r+0A:4]
   6 [  1.0000e-06 - 4.2805e-06 = -3.2805e-06 ] : ProperTorsions/Proper/k2/[#35H0X1x0!r+0A:1]-;!@[#6H2X4x0!r+0A:2](-;!@[#1H0X1x0!r+0A])(-;!@[#1H0X1x0!r+0A])-;!@[#8H1X2x0!r+0A:3]-;!@[#1H0X1x0!r+0A:4]
   7 [  1.0000e-06 + 1.1814e-05 =  1.2814e-05 ] : ProperTorsions/Proper/k4/[#35H0X1x0!r+0A:1]-;!@[#6H2X4x0!r+0A:2](-;!@[#1H0X1x0!r+0A])(-;!@[#1H0X1x0!r+0A])-;!@[#8H1X2x0!r+0A:3]-;!@[#1H0X1x0!r+0A:4]
----------------------------------------------------------
Input file with saved parameters: optimize.sav
#========================================================#
#| [94m     Iteration 1: Evaluating objective function     [0m |#
#| [94m        and derivatives through second order        [0m |#
#========================================================#

#==================================================================================================================================================#
#| [92m                               Torsion Profile: torsion-1, Objective =  4.64453e-02, Units = kcal/mol, Angstrom                               [0m |#
#| [92m System                                             Min(QM)    Min(MM)      Range(QM)          Range(MM)    Max-RMSD   Ene-RMSE    Obj-Fn     [0m |#
#==================================================================================================================================================#
torsion-1                                                  60        -60     0.000 - 5.237    -0.022 - 4.575      0.041     0.2155    0.0464 
----------------------------------------------------------------------------------------------------------------------------------------------------
#===================================================================================#
#| [94m                         Objective Function Breakdown                          [0m |#
#| [94m  Target Name              Residual  x  Weight  =  Contribution (Current-Prev) [0m |#
#===================================================================================#
torsion-1                      0.04645      1.000 [92m     4.64453e-02[0m ( -2.728e+00 ) 
Regularization                 0.45029      1.000 [91m     4.50288e-01[0m ( +4.503e-01 ) 
Total                                             [92m     4.96734e-01[0m ( -2.278e+00 ) 
-------------------------------------------------------------------------------------
Creating the directory /Users/joshuahorton/Documents/Projects/2021-bespokefit-workshop/xtb_BrCO/result/optimize to print the force field
#========================================================================#
#|  The force field has been written to the result/optimize directory.  |#
#|    Input file with optimization parameters saved to optimize.sav.    |#
#========================================================================#

  Step       |k|        |dk|       |grad|       -=X2=-     Delta(X2)    StepQual
     1   3.258e-01   3.258e-01   4.984e-01[92m   4.96734e-01[0m  -2.278e+00      1.000

#========================================================#
#| [94m                   Total Gradient                   [0m |#
#========================================================#
   0 [ -2.60173234e-02 ] : ProperTorsions/Proper/k3/[#1H0X1x0!r+0A:1]-;!@[#6H2X4x0!r+0A:2](-;!@[#1H0X1x0!r+0A])(-;!@[#35H0X1x0!r+0A])-;!@[#8H1X2x0!r+0A:3]-;!@[#1H0X1x0!r+0A:4]
   1 [ -3.72148495e-01 ] : ProperTorsions/Proper/k1/[#1H0X1x0!r+0A:1]-;!@[#6H2X4x0!r+0A:2](-;!@[#1H0X1x0!r+0A])(-;!@[#35H0X1x0!r+0A])-;!@[#8H1X2x0!r+0A:3]-;!@[#1H0X1x0!r+0A:4]
   2 [ -5.20270671e-02 ] : ProperTorsions/Proper/k2/[#1H0X1x0!r+0A:1]-;!@[#6H2X4x0!r+0A:2](-;!@[#1H0X1x0!r+0A])(-;!@[#35H0X1x0!r+0A])-;!@[#8H1X2x0!r+0A:3]-;!@[#1H0X1x0!r+0A:4]
   3 [ -1.55923014e-01 ] : ProperTorsions/Proper/k4/[#1H0X1x0!r+0A:1]-;!@[#6H2X4x0!r+0A:2](-;!@[#1H0X1x0!r+0A])(-;!@[#35H0X1x0!r+0A])-;!@[#8H1X2x0!r+0A:3]-;!@[#1H0X1x0!r+0A:4]
   4 [  5.30072273e-02 ] : ProperTorsions/Proper/k3/[#35H0X1x0!r+0A:1]-;!@[#6H2X4x0!r+0A:2](-;!@[#1H0X1x0!r+0A])(-;!@[#1H0X1x0!r+0A])-;!@[#8H1X2x0!r+0A:3]-;!@[#1H0X1x0!r+0A:4]
   5 [ -2.31262041e-01 ] : ProperTorsions/Proper/k1/[#35H0X1x0!r+0A:1]-;!@[#6H2X4x0!r+0A:2](-;!@[#1H0X1x0!r+0A])(-;!@[#1H0X1x0!r+0A])-;!@[#8H1X2x0!r+0A:3]-;!@[#1H0X1x0!r+0A:4]
   6 [  7.88255543e-02 ] : ProperTorsions/Proper/k2/[#35H0X1x0!r+0A:1]-;!@[#6H2X4x0!r+0A:2](-;!@[#1H0X1x0!r+0A])(-;!@[#1H0X1x0!r+0A])-;!@[#8H1X2x0!r+0A:3]-;!@[#1H0X1x0!r+0A:4]
   7 [  1.40476785e-01 ] : ProperTorsions/Proper/k4/[#35H0X1x0!r+0A:1]-;!@[#6H2X4x0!r+0A:2](-;!@[#1H0X1x0!r+0A])(-;!@[#1H0X1x0!r+0A])-;!@[#8H1X2x0!r+0A:3]-;!@[#1H0X1x0!r+0A:4]
----------------------------------------------------------
Calculating nonlinear optimization step
Hessian has a small or negative eigenvalue (5.9e-08), mixing in some steepest descent (1.0e-02) to correct this.
Eigenvalues are:
 5.9e-08  1.3e-03  8.3e-03  4.6e-02  3.7e+01  4.7e+01  9.6e+01  4.8e+02 
0.023 s (L-BFGS 1) 0.034 s (L-BFGS 2) Starting Hessian diagonal search with step size 6.3302e-02
0.023 s (L-BFGS 1) 0.033 s (L-BFGS 2) Hessian diagonal search: H+0.0000*I, length 6.3302e-02, result -1.1580e-03
0.009 s (L-BFGS 1) 0.012 s (L-BFGS 2) Hessian diagonal search: H+9.0000*I, length 1.6680e-03, result -2.5831e-04
0.008 s (L-BFGS 1) 0.008 s (L-BFGS 2) Hessian diagonal search: H+23.5623*I, length 1.3599e-03, result -2.5226e-04
0.023 s (L-BFGS 1) 0.033 s (L-BFGS 2) Hessian diagonal search: H+0.0000*I, length 6.3302e-02, result -1.1580e-03
0.015 s (L-BFGS 1) 0.011 s (L-BFGS 2) Hessian diagonal search: H+3.4377*I, length 4.5253e-03, result -3.0902e-04
0.013 s (L-BFGS 1) 0.009 s (L-BFGS 2) Hessian diagonal search: H+1.3131*I, length 1.1253e-02, result -4.0885e-04
0.021 s (L-BFGS 1) 0.020 s (L-BFGS 2) Hessian diagonal search: H+0.0956*I, length 6.3200e-02, result -1.1578e-03
0.032 s (L-BFGS 1) 0.033 s (L-BFGS 2) Hessian diagonal search: H+0.0237*I, length 6.3277e-02, result -1.1580e-03
0.019 s (L-BFGS 1) 0.018 s (L-BFGS 2) Hessian diagonal search: H+0.0090*I, length 6.3292e-02, result -1.1580e-03
0.018 s (L-BFGS 1) 0.026 s (L-BFGS 2) Hessian diagonal search: H+0.0455*I, length 6.3251e-02, result -1.1580e-03
0.028 s (L-BFGS 1) 0.022 s (L-BFGS 2) Hessian diagonal search: H+0.0138*I, length 6.3287e-02, result -1.1580e-03
0.020 s (L-BFGS 1) 0.025 s (L-BFGS 2) Hessian diagonal search: H+0.0276*I, length 6.3268e-02, result -1.1580e-03
0.021 s (L-BFGS 1) 0.020 s (L-BFGS 2) Hessian diagonal search: H+0.0196*I, length 6.3281e-02, result -1.1580e-03
0.020 s (L-BFGS 1) 0.027 s (L-BFGS 2) Hessian diagonal search: H+0.0221*I, length 6.3278e-02, result -1.1580e-03
0.030 s (L-BFGS 1) 0.025 s (L-BFGS 2) Hessian diagonal search: H+0.0252*I, length 6.3276e-02, result -1.1580e-03
0.020 s (L-BFGS 1) 0.007 s (L-BFGS 2) Hessian diagonal search: H+0.0243*I, length 6.3275e-02, result -1.1580e-03
0.024 s (L-BFGS 1) 0.017 s (L-BFGS 2) Hessian diagonal search: H+0.0231*I, length 6.3278e-02, result -1.1580e-03
0.018 s (L-BFGS 1) 0.020 s (L-BFGS 2) Hessian diagonal search: H+0.0235*I, length 6.3274e-02, result -1.1580e-03
0.030 s (L-BFGS 1) 0.015 s (L-BFGS 2) Hessian diagonal search: H+0.0239*I, length 6.3325e-02, result -1.1579e-03
0.023 s (L-BFGS 1) 0.017 s (L-BFGS 2) Hessian diagonal search: H+0.0236*I, length 6.3276e-02, result -1.1580e-03
0.018 s (L-BFGS 1) 0.021 s (L-BFGS 2) Hessian diagonal search: H+0.0238*I, length 6.3276e-02, result -1.1580e-03
0.020 s (L-BFGS 1) 0.024 s (L-BFGS 2) Hessian diagonal search: H+0.0237*I, length 6.3276e-02, result -1.1580e-03
0.020 s (L-BFGS 1) 0.017 s (L-BFGS 2) Hessian diagonal search: H+0.0237*I, length 6.3277e-02, result -1.1580e-03
0.031 s (L-BFGS 1) 0.033 s (L-BFGS 2) Optimization step found (length 6.3277e-02)
#========================================================#
#| [95m  Mathematical Parameters (Current + Step = Next)   [0m |#
#========================================================#
   0 [  4.5689e-02 - 4.5684e-02 =  5.1703e-06 ] : ProperTorsions/Proper/k3/[#1H0X1x0!r+0A:1]-;!@[#6H2X4x0!r+0A:2](-;!@[#1H0X1x0!r+0A])(-;!@[#35H0X1x0!r+0A])-;!@[#8H1X2x0!r+0A:3]-;!@[#1H0X1x0!r+0A:4]
   1 [ -8.1083e-02 + 4.1249e-05 = -8.1041e-02 ] : ProperTorsions/Proper/k1/[#1H0X1x0!r+0A:1]-;!@[#6H2X4x0!r+0A:2](-;!@[#1H0X1x0!r+0A])(-;!@[#35H0X1x0!r+0A])-;!@[#8H1X2x0!r+0A:3]-;!@[#1H0X1x0!r+0A:4]
   2 [  8.0185e-07 + 7.0361e-08 =  8.7221e-07 ] : ProperTorsions/Proper/k2/[#1H0X1x0!r+0A:1]-;!@[#6H2X4x0!r+0A:2](-;!@[#1H0X1x0!r+0A])(-;!@[#35H0X1x0!r+0A])-;!@[#8H1X2x0!r+0A:3]-;!@[#1H0X1x0!r+0A:4]
   3 [ -1.1549e-02 + 1.8710e-03 = -9.6778e-03 ] : ProperTorsions/Proper/k4/[#1H0X1x0!r+0A:1]-;!@[#6H2X4x0!r+0A:2](-;!@[#1H0X1x0!r+0A])(-;!@[#35H0X1x0!r+0A])-;!@[#8H1X2x0!r+0A:3]-;!@[#1H0X1x0!r+0A:4]
   4 [ -3.1197e-01 - 4.3743e-02 = -3.5571e-01 ] : ProperTorsions/Proper/k3/[#35H0X1x0!r+0A:1]-;!@[#6H2X4x0!r+0A:2](-;!@[#1H0X1x0!r+0A])(-;!@[#1H0X1x0!r+0A])-;!@[#8H1X2x0!r+0A:3]-;!@[#1H0X1x0!r+0A:4]
   5 [ -7.0909e-07 + 6.5568e-08 = -6.4353e-07 ] : ProperTorsions/Proper/k1/[#35H0X1x0!r+0A:1]-;!@[#6H2X4x0!r+0A:2](-;!@[#1H0X1x0!r+0A])(-;!@[#1H0X1x0!r+0A])-;!@[#8H1X2x0!r+0A:3]-;!@[#1H0X1x0!r+0A:4]
   6 [ -7.1342e-07 - 1.3049e-07 = -8.4391e-07 ] : ProperTorsions/Proper/k2/[#35H0X1x0!r+0A:1]-;!@[#6H2X4x0!r+0A:2](-;!@[#1H0X1x0!r+0A])(-;!@[#1H0X1x0!r+0A])-;!@[#8H1X2x0!r+0A:3]-;!@[#1H0X1x0!r+0A:4]
   7 [  1.9691e-06 - 5.0174e-08 =  1.9189e-06 ] : ProperTorsions/Proper/k4/[#35H0X1x0!r+0A:1]-;!@[#6H2X4x0!r+0A:2](-;!@[#1H0X1x0!r+0A])(-;!@[#1H0X1x0!r+0A])-;!@[#8H1X2x0!r+0A:3]-;!@[#1H0X1x0!r+0A:4]
----------------------------------------------------------
#========================================================#
#| [95m    Physical Parameters (Current + Step = Next)     [0m |#
#========================================================#
   0 [  2.7413e-01 - 2.7410e-01 =  3.2022e-05 ] : ProperTorsions/Proper/k3/[#1H0X1x0!r+0A:1]-;!@[#6H2X4x0!r+0A:2](-;!@[#1H0X1x0!r+0A])(-;!@[#35H0X1x0!r+0A])-;!@[#8H1X2x0!r+0A:3]-;!@[#1H0X1x0!r+0A:4]
   1 [  2.1210e-01 + 2.4749e-04 =  2.1234e-01 ] : ProperTorsions/Proper/k1/[#1H0X1x0!r+0A:1]-;!@[#6H2X4x0!r+0A:2](-;!@[#1H0X1x0!r+0A])(-;!@[#35H0X1x0!r+0A])-;!@[#8H1X2x0!r+0A:3]-;!@[#1H0X1x0!r+0A:4]
   2 [  5.8111e-06 + 4.2217e-07 =  6.2333e-06 ] : ProperTorsions/Proper/k2/[#1H0X1x0!r+0A:1]-;!@[#6H2X4x0!r+0A:2](-;!@[#1H0X1x0!r+0A])(-;!@[#35H0X1x0!r+0A])-;!@[#8H1X2x0!r+0A:3]-;!@[#1H0X1x0!r+0A:4]
   3 [ -6.9291e-02 + 1.1226e-02 = -5.8066e-02 ] : ProperTorsions/Proper/k4/[#1H0X1x0!r+0A:1]-;!@[#6H2X4x0!r+0A:2](-;!@[#1H0X1x0!r+0A])(-;!@[#35H0X1x0!r+0A])-;!@[#8H1X2x0!r+0A:3]-;!@[#1H0X1x0!r+0A:4]
   4 [ -1.8718e+00 - 2.6246e-01 = -2.1343e+00 ] : ProperTorsions/Proper/k3/[#35H0X1x0!r+0A:1]-;!@[#6H2X4x0!r+0A:2](-;!@[#1H0X1x0!r+0A])(-;!@[#1H0X1x0!r+0A])-;!@[#8H1X2x0!r+0A:3]-;!@[#1H0X1x0!r+0A:4]
   5 [  6.9859e-01 + 3.9341e-07 =  6.9859e-01 ] : ProperTorsions/Proper/k1/[#35H0X1x0!r+0A:1]-;!@[#6H2X4x0!r+0A:2](-;!@[#1H0X1x0!r+0A])(-;!@[#1H0X1x0!r+0A])-;!@[#8H1X2x0!r+0A:3]-;!@[#1H0X1x0!r+0A:4]
   6 [ -3.2805e-06 - 7.8295e-07 = -4.0635e-06 ] : ProperTorsions/Proper/k2/[#35H0X1x0!r+0A:1]-;!@[#6H2X4x0!r+0A:2](-;!@[#1H0X1x0!r+0A])(-;!@[#1H0X1x0!r+0A])-;!@[#8H1X2x0!r+0A:3]-;!@[#1H0X1x0!r+0A:4]
   7 [  1.2814e-05 - 3.0104e-07 =  1.2513e-05 ] : ProperTorsions/Proper/k4/[#35H0X1x0!r+0A:1]-;!@[#6H2X4x0!r+0A:2](-;!@[#1H0X1x0!r+0A])(-;!@[#1H0X1x0!r+0A])-;!@[#8H1X2x0!r+0A:3]-;!@[#1H0X1x0!r+0A:4]
----------------------------------------------------------
Input file with saved parameters: optimize.sav
Setting finite difference step to 6.3277e-03
#========================================================#
#| [94m     Iteration 2: Evaluating objective function     [0m |#
#| [94m        and derivatives through second order        [0m |#
#========================================================#

#==================================================================================================================================================#
#| [92m                               Torsion Profile: torsion-1, Objective =  4.91396e-02, Units = kcal/mol, Angstrom                               [0m |#
#| [92m System                                             Min(QM)    Min(MM)      Range(QM)          Range(MM)    Max-RMSD   Ene-RMSE    Obj-Fn     [0m |#
#==================================================================================================================================================#
torsion-1                                                  60        -60     0.000 - 5.237    -0.022 - 4.580      0.042     0.2217    0.0491 
----------------------------------------------------------------------------------------------------------------------------------------------------
#===================================================================================#
#| [94m                         Objective Function Breakdown                          [0m |#
#| [94m  Target Name              Residual  x  Weight  =  Contribution (Current-Prev) [0m |#
#===================================================================================#
torsion-1                      0.04914      1.000 [91m     4.91396e-02[0m ( +2.694e-03 ) 
Regularization                 0.44644      1.000 [92m     4.46436e-01[0m ( -3.852e-03 ) 
Total                                             [92m     4.95576e-01[0m ( -1.158e-03 ) 
-------------------------------------------------------------------------------------
Backing up result/optimize/force-field.offxml -> result/optimize/force-field_1.offxml
#========================================================================#
#|  The force field has been written to the result/optimize directory.  |#
#|    Input file with optimization parameters saved to optimize.sav.    |#
#========================================================================#

  Step       |k|        |dk|       |grad|       -=X2=-     Delta(X2)    StepQual
     2   3.650e-01   6.328e-02   2.102e-02[92m   4.95576e-01[0m  -1.158e-03      1.000

#========================================================#
#| [94m                   Total Gradient                   [0m |#
#========================================================#
   0 [  7.67417754e-04 ] : ProperTorsions/Proper/k3/[#1H0X1x0!r+0A:1]-;!@[#6H2X4x0!r+0A:2](-;!@[#1H0X1x0!r+0A])(-;!@[#35H0X1x0!r+0A])-;!@[#8H1X2x0!r+0A:3]-;!@[#1H0X1x0!r+0A:4]
   1 [  1.18856437e-02 ] : ProperTorsions/Proper/k1/[#1H0X1x0!r+0A:1]-;!@[#6H2X4x0!r+0A:2](-;!@[#1H0X1x0!r+0A])(-;!@[#35H0X1x0!r+0A])-;!@[#8H1X2x0!r+0A:3]-;!@[#1H0X1x0!r+0A:4]
   2 [  6.68387146e-03 ] : ProperTorsions/Proper/k2/[#1H0X1x0!r+0A:1]-;!@[#6H2X4x0!r+0A:2](-;!@[#1H0X1x0!r+0A])(-;!@[#35H0X1x0!r+0A])-;!@[#8H1X2x0!r+0A:3]-;!@[#1H0X1x0!r+0A:4]
   3 [  1.14418680e-02 ] : ProperTorsions/Proper/k4/[#1H0X1x0!r+0A:1]-;!@[#6H2X4x0!r+0A:2](-;!@[#1H0X1x0!r+0A])(-;!@[#35H0X1x0!r+0A])-;!@[#8H1X2x0!r+0A:3]-;!@[#1H0X1x0!r+0A:4]
   4 [  7.28949754e-04 ] : ProperTorsions/Proper/k3/[#35H0X1x0!r+0A:1]-;!@[#6H2X4x0!r+0A:2](-;!@[#1H0X1x0!r+0A])(-;!@[#1H0X1x0!r+0A])-;!@[#8H1X2x0!r+0A:3]-;!@[#1H0X1x0!r+0A:4]
   5 [ -1.43779256e-03 ] : ProperTorsions/Proper/k1/[#35H0X1x0!r+0A:1]-;!@[#6H2X4x0!r+0A:2](-;!@[#1H0X1x0!r+0A])(-;!@[#1H0X1x0!r+0A])-;!@[#8H1X2x0!r+0A:3]-;!@[#1H0X1x0!r+0A:4]
   6 [ -1.10277526e-02 ] : ProperTorsions/Proper/k2/[#35H0X1x0!r+0A:1]-;!@[#6H2X4x0!r+0A:2](-;!@[#1H0X1x0!r+0A])(-;!@[#1H0X1x0!r+0A])-;!@[#8H1X2x0!r+0A:3]-;!@[#1H0X1x0!r+0A:4]
   7 [ -5.12971535e-04 ] : ProperTorsions/Proper/k4/[#35H0X1x0!r+0A:1]-;!@[#6H2X4x0!r+0A:2](-;!@[#1H0X1x0!r+0A])(-;!@[#1H0X1x0!r+0A])-;!@[#8H1X2x0!r+0A:3]-;!@[#1H0X1x0!r+0A:4]
----------------------------------------------------------
Convergence criterion reached for objective function (1.00e-02)
Calculating nonlinear optimization step
Hessian has a small or negative eigenvalue (4.9e-08), mixing in some steepest descent (1.0e-02) to correct this.
Eigenvalues are:
 4.9e-08  9.4e-04  1.2e-02  2.3e-02  3.7e+01  4.8e+01  9.6e+01  4.8e+02 
0.000 s (L-BFGS 1) 0.019 s (L-BFGS 2) Starting Hessian diagonal search with step size 1.7107e-04
0.000 s (L-BFGS 1) 0.019 s (L-BFGS 2) Hessian diagonal search: H+0.0000*I, length 1.7107e-04, result -9.1504e-07
0.000 s (L-BFGS 1) 0.012 s (L-BFGS 2) Hessian diagonal search: H+9.0000*I, length 1.4412e-04, result -8.9887e-07
0.000 s (L-BFGS 1) 0.008 s (L-BFGS 2) Hessian diagonal search: H+23.5623*I, length 1.1241e-04, result -8.3646e-07
0.001 s (L-BFGS 1) 0.020 s (L-BFGS 2) Hessian diagonal search: H+0.0000*I, length 1.7107e-04, result -9.1504e-07
0.000 s (L-BFGS 1) 0.009 s (L-BFGS 2) Hessian diagonal search: H+3.4377*I, length 1.5844e-04, result -9.1152e-07
0.001 s (L-BFGS 1) 0.018 s (L-BFGS 2) Hessian diagonal search: H+1.3131*I, length 1.4239e-04, result -8.8859e-07
0.000 s (L-BFGS 1) 0.025 s (L-BFGS 2) Hessian diagonal search: H+0.6612*I, length 1.6971e-04, result -9.1473e-07
0.000 s (L-BFGS 1) 0.015 s (L-BFGS 2) Hessian diagonal search: H+0.0758*I, length 1.6076e-04, result -8.1162e-07
0.000 s (L-BFGS 1) 0.016 s (L-BFGS 2) Hessian diagonal search: H+0.1916*I, length 1.1746e-07, result -1.2702e-09
0.000 s (L-BFGS 1) 0.021 s (L-BFGS 2) Hessian diagonal search: H+0.0280*I, length 1.7142e-04, result -9.1504e-07
0.000 s (L-BFGS 1) 0.025 s (L-BFGS 2) Hessian diagonal search: H+0.0131*I, length 1.7114e-04, result -9.1507e-07
0.001 s (L-BFGS 1) 0.019 s (L-BFGS 2) Hessian diagonal search: H+0.0074*I, length 1.7159e-04, result -9.1478e-07
0.000 s (L-BFGS 1) 0.015 s (L-BFGS 2) Hessian diagonal search: H+0.0181*I, length 1.7077e-04, result -8.9204e-07
0.000 s (L-BFGS 1) 0.028 s (L-BFGS 2) Hessian diagonal search: H+0.0108*I, length 1.7225e-04, result -9.1479e-07
0.001 s (L-BFGS 1) 0.017 s (L-BFGS 2) Hessian diagonal search: H+0.0149*I, length 1.7216e-04, result -8.1597e-07
0.000 s (L-BFGS 1) 0.019 s (L-BFGS 2) Hessian diagonal search: H+0.0122*I, length 1.7084e-04, result -9.1468e-07
0.001 s (L-BFGS 1) 0.020 s (L-BFGS 2) Hessian diagonal search: H+0.0138*I, length 1.7118e-04, result -9.1512e-07
0.000 s (L-BFGS 1) 0.019 s (L-BFGS 2) Hessian diagonal search: H+0.0142*I, length 1.4181e-04, result -8.4887e-07
0.001 s (L-BFGS 1) 0.018 s (L-BFGS 2) Hessian diagonal search: H+0.0135*I, length 1.7066e-04, result -9.1408e-07
0.000 s (L-BFGS 1) 0.021 s (L-BFGS 2) Hessian diagonal search: H+0.0140*I, length 1.6991e-04, result -9.1289e-07
0.000 s (L-BFGS 1) 0.023 s (L-BFGS 2) Hessian diagonal search: H+0.0137*I, length 1.7152e-04, result -9.1478e-07
0.001 s (L-BFGS 1) 0.022 s (L-BFGS 2) Hessian diagonal search: H+0.0139*I, length 1.1746e-07, result -1.2702e-09
0.000 s (L-BFGS 1) 0.020 s (L-BFGS 2) Hessian diagonal search: H+0.0138*I, length 1.7214e-04, result -8.8447e-07
0.000 s (L-BFGS 1) 0.018 s (L-BFGS 2) Hessian diagonal search: H+0.0138*I, length 1.1746e-07, result -1.2702e-09
0.000 s (L-BFGS 1) 0.021 s (L-BFGS 2) Optimization step found (length 1.7118e-04)
Convergence criterion reached in step size (1.00e-02)
#========================================================#
#| [92m               [0m[1mOptimization Converged[0m               [0m |#
#| [92m           Final objective function value           [0m |#
#| [92m  Full:  4.955755e-01  Un-penalized:  4.913960e-02  [0m |#
#========================================================#
#========================================================#
#| [94m           Final optimization parameters:           [0m |#
#========================================================#
   0 [  4.9439e-06 ] : ProperTorsions/Proper/k3/[#1H0X1x0!r+0A:1]-;!@[#6H2X4x0!r+0A:2](-;!@[#1H0X1x0!r+0A])(-;!@[#35H0X1x0!r+0A])-;!@[#8H1X2x0!r+0A:3]-;!@[#1H0X1x0!r+0A:4]
   1 [ -8.1030e-02 ] : ProperTorsions/Proper/k1/[#1H0X1x0!r+0A:1]-;!@[#6H2X4x0!r+0A:2](-;!@[#1H0X1x0!r+0A])(-;!@[#35H0X1x0!r+0A])-;!@[#8H1X2x0!r+0A:3]-;!@[#1H0X1x0!r+0A:4]
   2 [  8.6072e-07 ] : ProperTorsions/Proper/k2/[#1H0X1x0!r+0A:1]-;!@[#6H2X4x0!r+0A:2](-;!@[#1H0X1x0!r+0A])(-;!@[#35H0X1x0!r+0A])-;!@[#8H1X2x0!r+0A:3]-;!@[#1H0X1x0!r+0A:4]
   3 [ -9.8484e-03 ] : ProperTorsions/Proper/k4/[#1H0X1x0!r+0A:1]-;!@[#6H2X4x0!r+0A:2](-;!@[#1H0X1x0!r+0A])(-;!@[#35H0X1x0!r+0A])-;!@[#8H1X2x0!r+0A:3]-;!@[#1H0X1x0!r+0A:4]
   4 [ -3.5572e-01 ] : ProperTorsions/Proper/k3/[#35H0X1x0!r+0A:1]-;!@[#6H2X4x0!r+0A:2](-;!@[#1H0X1x0!r+0A])(-;!@[#1H0X1x0!r+0A])-;!@[#8H1X2x0!r+0A:3]-;!@[#1H0X1x0!r+0A:4]
   5 [ -6.3365e-07 ] : ProperTorsions/Proper/k1/[#35H0X1x0!r+0A:1]-;!@[#6H2X4x0!r+0A:2](-;!@[#1H0X1x0!r+0A])(-;!@[#1H0X1x0!r+0A])-;!@[#8H1X2x0!r+0A:3]-;!@[#1H0X1x0!r+0A:4]
   6 [ -8.2539e-07 ] : ProperTorsions/Proper/k2/[#35H0X1x0!r+0A:1]-;!@[#6H2X4x0!r+0A:2](-;!@[#1H0X1x0!r+0A])(-;!@[#1H0X1x0!r+0A])-;!@[#8H1X2x0!r+0A:3]-;!@[#1H0X1x0!r+0A:4]
   7 [  1.8276e-06 ] : ProperTorsions/Proper/k4/[#35H0X1x0!r+0A:1]-;!@[#6H2X4x0!r+0A:2](-;!@[#1H0X1x0!r+0A])(-;!@[#1H0X1x0!r+0A])-;!@[#8H1X2x0!r+0A:3]-;!@[#1H0X1x0!r+0A:4]
#========================================================#
#| [94m             Final physical parameters:             [0m |#
#========================================================#
   0 [  3.0663e-05 ] : ProperTorsions/Proper/k3/[#1H0X1x0!r+0A:1]-;!@[#6H2X4x0!r+0A:2](-;!@[#1H0X1x0!r+0A])(-;!@[#35H0X1x0!r+0A])-;!@[#8H1X2x0!r+0A:3]-;!@[#1H0X1x0!r+0A:4]
   1 [  2.1241e-01 ] : ProperTorsions/Proper/k1/[#1H0X1x0!r+0A:1]-;!@[#6H2X4x0!r+0A:2](-;!@[#1H0X1x0!r+0A])(-;!@[#35H0X1x0!r+0A])-;!@[#8H1X2x0!r+0A:3]-;!@[#1H0X1x0!r+0A:4]
   2 [  6.1643e-06 ] : ProperTorsions/Proper/k2/[#1H0X1x0!r+0A:1]-;!@[#6H2X4x0!r+0A:2](-;!@[#1H0X1x0!r+0A])(-;!@[#35H0X1x0!r+0A])-;!@[#8H1X2x0!r+0A:3]-;!@[#1H0X1x0!r+0A:4]
   3 [ -5.9090e-02 ] : ProperTorsions/Proper/k4/[#1H0X1x0!r+0A:1]-;!@[#6H2X4x0!r+0A:2](-;!@[#1H0X1x0!r+0A])(-;!@[#35H0X1x0!r+0A])-;!@[#8H1X2x0!r+0A:3]-;!@[#1H0X1x0!r+0A:4]
   4 [ -2.1343e+00 ] : ProperTorsions/Proper/k3/[#35H0X1x0!r+0A:1]-;!@[#6H2X4x0!r+0A:2](-;!@[#1H0X1x0!r+0A])(-;!@[#1H0X1x0!r+0A])-;!@[#8H1X2x0!r+0A:3]-;!@[#1H0X1x0!r+0A:4]
   5 [  6.9859e-01 ] : ProperTorsions/Proper/k1/[#35H0X1x0!r+0A:1]-;!@[#6H2X4x0!r+0A:2](-;!@[#1H0X1x0!r+0A])(-;!@[#1H0X1x0!r+0A])-;!@[#8H1X2x0!r+0A:3]-;!@[#1H0X1x0!r+0A:4]
   6 [ -3.9523e-06 ] : ProperTorsions/Proper/k2/[#35H0X1x0!r+0A:1]-;!@[#6H2X4x0!r+0A:2](-;!@[#1H0X1x0!r+0A])(-;!@[#1H0X1x0!r+0A])-;!@[#8H1X2x0!r+0A:3]-;!@[#1H0X1x0!r+0A:4]
   7 [  1.1965e-05 ] : ProperTorsions/Proper/k4/[#35H0X1x0!r+0A:1]-;!@[#6H2X4x0!r+0A:2](-;!@[#1H0X1x0!r+0A])(-;!@[#1H0X1x0!r+0A])-;!@[#8H1X2x0!r+0A:3]-;!@[#1H0X1x0!r+0A:4]
----------------------------------------------------------
Backing up result/optimize/force-field.offxml -> result/optimize/force-field_2.offxml
#========================================================================#
#|  The force field has been written to the result/optimize directory.  |#
#|    Input file with optimization parameters saved to optimize.sav.    |#
#========================================================================#
Wall time since calculation start: 33.8 seconds
#========================================================#
#| [1;44;93m               Calculation Finished.                [0m |#
#| [1;44;93m     ---==(  May the Force be with you!  )==---     [0m |#
#========================================================#
